#
# There is insufficient memory for the Java Runtime Environment to continue.
# Native memory allocation (mmap) failed to map 268435456 bytes for Failed to commit area from 0x0000000701800000 to 0x0000000711800000 of length 268435456.
# Possible reasons:
#   The system is out of physical RAM or swap space
#   The process is running with CompressedOops enabled, and the Java Heap may be blocking the growth of the native heap
# Possible solutions:
#   Reduce memory load on the system
#   Increase physical memory or swap space
#   Check if swap backing store is full
#   Decrease Java heap size (-Xmx/-Xms)
#   Decrease number of Java threads
#   Decrease Java thread stack sizes (-Xss)
#   Set larger code cache with -XX:ReservedCodeCacheSize=
# This output file may be truncated or incomplete.
#
#  Out of Memory Error (./src/hotspot/os/windows/os_windows.cpp:3303), pid=18900, tid=22304
#
# JRE version:  (11.0.9.1+11) (build )
# Java VM: OpenJDK 64-Bit Server VM (11.0.9.1+11-b1145.63, mixed mode, sharing, tiered, compressed oops, g1 gc, windows-amd64)
# No core dump will be written. Minidumps are not enabled by default on client versions of Windows
#

---------------  S U M M A R Y ------------

Command Line: org.jetbrains.git4idea.http.GitAskPassApp Username for 'https://github.com': 

Host: Intel(R) Core(TM) i5-7200U CPU @ 2.50GHz, 4 cores, 15G,  Windows 10 , 64 bit Build 18362 (10.0.18362.1110)
Time: Wed Jan 27 21:40:40 2021 ?D1¨²¡À¨º¡Á?¨º¡À?? elapsed time: 0.101151 seconds (0d 0h 0m 0s)

---------------  T H R E A D  ---------------

Current thread (0x0000025ac2b0e000):  JavaThread "Unknown thread" [_thread_in_vm, id=22304, stack(0x00000078ac000000,0x00000078ac100000)]

Stack: [0x00000078ac000000,0x00000078ac100000]
Native frames: (J=compiled Java code, j=interpreted, Vv=VM code, C=native code)
V  [jvm.dll+0x5edd9a]
V  [jvm.dll+0x7229c5]
V  [jvm.dll+0x723f1d]
V  [jvm.dll+0x7245d3]
V  [jvm.dll+0x2431b8]
V  [jvm.dll+0x5eb234]
V  [jvm.dll+0x5e0325]
V  [jvm.dll+0x2fe60b]
V  [jvm.dll+0x2fe57a]
V  [jvm.dll+0x2fe452]
V  [jvm.dll+0x303346]
V  [jvm.dll+0x34ba83]
V  [jvm.dll+0x34c186]
V  [jvm.dll+0x34bb83]
V  [jvm.dll+0x2d9218]
V  [jvm.dll+0x2da3c7]
V  [jvm.dll+0x701a67]
V  [jvm.dll+0x70325c]
V  [jvm.dll+0x359049]
V  [jvm.dll+0x6e552e]
V  [jvm.dll+0x3c1353]
V  [jvm.dll+0x3c3571]
C  [jli.dll+0x5373]
C  [ucrtbase.dll+0x210b2]
C  [KERNEL32.DLL+0x17c24]
C  [ntdll.dll+0x6d4d1]


---------------  P R O C E S S  ---------------

Threads class SMR info:
_java_thread_list=0x0000025ac0966570, length=0, elements={
}

Java Threads: ( => current thread )

Other Threads:
  0x0000025ac2b29000 GCTaskThread "GC Thread#0" [stack: 0x00000078ac100000,0x00000078ac200000] [id=26444]
  0x0000025ac2b88000 ConcurrentGCThread "G1 Main Marker" [stack: 0x00000078ac200000,0x00000078ac300000] [id=33356]
  0x0000025ac2b89800 ConcurrentGCThread "G1 Conc#0" [stack: 0x00000078ac300000,0x00000078ac400000] [id=32596]

[error occurred during error reporting (printing all threads), id 0xc0000005, EXCEPTION_ACCESS_VIOLATION (0xc0000005) at pc=0x00007ffe98139807]

VM state:not at safepoint (not fully initialized)

VM Mutex/Monitor currently owned by a thread:  ([mutex/lock_event])
[0x0000025ac2b0ac20] Heap_lock - owner thread: 0x0000025ac2b0e000

Heap address: 0x0000000701800000, size: 4072 MB, Compressed Oops mode: Non-zero based: 0x0000000701800000
Narrow klass base: 0x0000000000000000, Narrow klass shift: 0

GC Heap History (0 events):
No events

Deoptimization events (0 events):
No events

Classes redefined (0 events):
No events

Internal exceptions (0 events):
No events

Events (1 events):
Event: 0.069 Loaded shared library C:\Program Files\JetBrains\IntelliJ IDEA 2020.3.1\jbr\bin\zip.dll


Dynamic libraries:
0x00007ff72c890000 - 0x00007ff72c89a000 	C:\Program Files\JetBrains\IntelliJ IDEA 2020.3.1\jbr\bin\java.exe
0x00007ffed48c0000 - 0x00007ffed4ab0000 	C:\WINDOWS\SYSTEM32\ntdll.dll
0x00007ffed3ad0000 - 0x00007ffed3b82000 	C:\WINDOWS\System32\KERNEL32.DLL
0x00007ffed1850000 - 0x00007ffed1af5000 	C:\WINDOWS\System32\KERNELBASE.dll
0x00007ffed1d30000 - 0x00007ffed1e2a000 	C:\WINDOWS\System32\ucrtbase.dll
0x00007ffeca9a0000 - 0x00007ffeca9b9000 	C:\Program Files\JetBrains\IntelliJ IDEA 2020.3.1\jbr\bin\jli.dll
0x00007ffed4140000 - 0x00007ffed42d4000 	C:\WINDOWS\System32\USER32.dll
0x00007ffed1b00000 - 0x00007ffed1b21000 	C:\WINDOWS\System32\win32u.dll
0x00007ffed2e60000 - 0x00007ffed2e86000 	C:\WINDOWS\System32\GDI32.dll
0x00007ffed25c0000 - 0x00007ffed2756000 	C:\WINDOWS\System32\gdi32full.dll
0x00007ffed2790000 - 0x00007ffed282e000 	C:\WINDOWS\System32\msvcp_win.dll
0x00007ffeca4f0000 - 0x00007ffeca507000 	C:\Program Files\JetBrains\IntelliJ IDEA 2020.3.1\jbr\bin\VCRUNTIME140.dll
0x00007ffec6040000 - 0x00007ffec62c4000 	C:\WINDOWS\WinSxS\amd64_microsoft.windows.common-controls_6595b64144ccf1df_6.0.18362.1256_none_9e7e379be45e40e2\COMCTL32.dll
0x00007ffed3600000 - 0x00007ffed369e000 	C:\WINDOWS\System32\msvcrt.dll
0x00007ffed3ba0000 - 0x00007ffed3ed6000 	C:\WINDOWS\System32\combase.dll
0x00007ffed4350000 - 0x00007ffed4470000 	C:\WINDOWS\System32\RPCRT4.dll
0x00007ffed28e0000 - 0x00007ffed2961000 	C:\WINDOWS\System32\bcryptPrimitives.dll
0x00007ffed36a0000 - 0x00007ffed36ce000 	C:\WINDOWS\System32\IMM32.DLL
0x00007ffeac650000 - 0x00007ffeac6ed000 	C:\Program Files\JetBrains\IntelliJ IDEA 2020.3.1\jbr\bin\msvcp140.dll
0x00007ffe97e50000 - 0x00007ffe9891e000 	C:\Program Files\JetBrains\IntelliJ IDEA 2020.3.1\jbr\bin\server\jvm.dll
0x00007ffed47d0000 - 0x00007ffed4873000 	C:\WINDOWS\System32\ADVAPI32.dll
0x00007ffed3740000 - 0x00007ffed37d7000 	C:\WINDOWS\System32\sechost.dll
0x00007ffed3a60000 - 0x00007ffed3a68000 	C:\WINDOWS\System32\PSAPI.DLL
0x00007ffec7fe0000 - 0x00007ffec7fe9000 	C:\WINDOWS\SYSTEM32\WSOCK32.dll
0x00007ffed36d0000 - 0x00007ffed373f000 	C:\WINDOWS\System32\WS2_32.dll
0x00007ffec8fc0000 - 0x00007ffec8fe4000 	C:\WINDOWS\SYSTEM32\WINMM.dll
0x00007ffed1330000 - 0x00007ffed133a000 	C:\WINDOWS\SYSTEM32\VERSION.dll
0x00007ffec8f90000 - 0x00007ffec8fbd000 	C:\WINDOWS\SYSTEM32\WINMMBASE.dll
0x00007ffed1b30000 - 0x00007ffed1b7a000 	C:\WINDOWS\System32\cfgmgr32.dll
0x00007ffed1810000 - 0x00007ffed1821000 	C:\WINDOWS\System32\kernel.appcore.dll
0x00007ffecd5a0000 - 0x00007ffecd5b1000 	C:\Program Files\JetBrains\IntelliJ IDEA 2020.3.1\jbr\bin\verify.dll
0x00007ffecb1c0000 - 0x00007ffecb3b4000 	C:\WINDOWS\SYSTEM32\DBGHELP.DLL
0x00007ffecd220000 - 0x00007ffecd24a000 	C:\WINDOWS\SYSTEM32\dbgcore.DLL
0x00007ffecd500000 - 0x00007ffecd529000 	C:\Program Files\JetBrains\IntelliJ IDEA 2020.3.1\jbr\bin\java.dll
0x00007ffecd590000 - 0x00007ffecd59b000 	C:\Program Files\JetBrains\IntelliJ IDEA 2020.3.1\jbr\bin\jimage.dll
0x00007ffeca980000 - 0x00007ffeca998000 	C:\Program Files\JetBrains\IntelliJ IDEA 2020.3.1\jbr\bin\zip.dll

dbghelp: loaded successfully - version: 4.0.5 - missing functions: none
symbol engine: initialized successfully - sym options: 0x614 - pdb path: .;C:\Program Files\JetBrains\IntelliJ IDEA 2020.3.1\jbr\bin;C:\WINDOWS\SYSTEM32;C:\WINDOWS\WinSxS\amd64_microsoft.windows.common-controls_6595b64144ccf1df_6.0.18362.1256_none_9e7e379be45e40e2;C:\Program Files\JetBrains\IntelliJ IDEA 2020.3.1\jbr\bin\server

VM Arguments:
java_command: org.jetbrains.git4idea.http.GitAskPassApp Username for 'https://github.com': 
java_class_path (initial): C:/Program Files/JetBrains/IntelliJ IDEA 2020.3.1/plugins/git4idea/lib/git4idea-rt.jar;C:/Program Files/JetBrains/IntelliJ IDEA 2020.3.1/lib/xmlrpc-2.0.1.jar;C:/Program Files/JetBrains/IntelliJ IDEA 2020.3.1/lib/commons-codec-1.14.jar
Launcher Type: SUN_STANDARD

[Global flags]
     intx CICompilerCount                          = 3                                         {product} {ergonomic}
     uint ConcGCThreads                            = 1                                         {product} {ergonomic}
     uint G1ConcRefinementThreads                  = 4                                         {product} {ergonomic}
   size_t G1HeapRegionSize                         = 1048576                                   {product} {ergonomic}
    uintx GCDrainStackTargetSize                   = 64                                        {product} {ergonomic}
   size_t InitialHeapSize                          = 268435456                                 {product} {ergonomic}
   size_t MarkStackSize                            = 4194304                                   {product} {ergonomic}
   size_t MaxHeapSize                              = 4269801472                                {product} {ergonomic}
   size_t MinHeapDeltaBytes                        = 1048576                                   {product} {ergonomic}
    uintx NonNMethodCodeHeapSize                   = 5830732                                {pd product} {ergonomic}
    uintx NonProfiledCodeHeapSize                  = 122913754                              {pd product} {ergonomic}
    uintx ProfiledCodeHeapSize                     = 122913754                              {pd product} {ergonomic}
    uintx ReservedCodeCacheSize                    = 251658240                              {pd product} {ergonomic}
     bool SegmentedCodeCache                       = true                                      {product} {ergonomic}
     bool UseCompressedClassPointers               = true                                 {lp64_product} {ergonomic}
     bool UseCompressedOops                        = true                                 {lp64_product} {ergonomic}
     bool UseG1GC                                  = true                                      {product} {ergonomic}
     bool UseLargePagesIndividualAllocation        = false                                  {pd product} {ergonomic}

Logging:
Log output configuration:
 #0: stdout all=warning uptime,level,tags
 #1: stderr all=off uptime,level,tags

Environment Variables:
JAVA_HOME=D:\Program Files\Java\jdk1.8.0_152
PATH=D:/development tools/Git/mingw64/libexec/git-core;D:/development tools/Git/mingw64/libexec/git-core;D:\development tools\Git\mingw64\bin;D:\development tools\Git\usr\bin;C:\Users\rjsjs\bin;D:\BackendServer\Java\Linux\NetSarang\Xftp6\;D:\development tools\NetSarang\Xshell 6\;C:\Program Files (x86)\Common Files\Oracle\Java\javapath;C:\ProgramData\Oracle\Java\javapath;D:\BackendServer\Java\maven\apache-maven-3.6.3\bin;D:\Program Files\Java\jdk1.8.0_152\bin;D:\Program Files\Java\jdk1.8.0_152\jre\bin;D:\development tools\gradle-4.10.2\bin;C:\Windows;C:\Windows\System32\Wbem;C:\Windows\System32\WindowsPowerShell\v1.0\;C:\Program Files (x86)\NVIDIA Corporation\PhysX\Common;C:\Program Files\MySQL\MySQL Utilities 1.6\;C:\Program Files\MySQL\MySQL Server 5.6\bin;D:\Project\taomall\VisualSVN Server\bin;D:\Project\taomall\TortoiseSVN\bin;C:\WINDOWS\system32;C:\WINDOWS;C:\WINDOWS\System32\Wbem;C:\WINDOWS\System32\WindowsPowerShell\v1.0\;C:\Program Files\Microsoft\Web Platform Installer\;C:\Program Files (x86)\Microsoft ASP.NET\ASP.NET Web Pages\v1.0\;C:\Program Files (x86)\Windows Kits\8.0\Windows Performance Toolkit\;C:\Program Files\Microsoft SQL Server\110\Tools\Binn\;C:\Program Files (x86)\Skype\Phone\;C:\windows\system32;C:\windows;C:\windows\System32\Wbem;G:\Program\Rational\common;C:\WINDOWS\System32\OpenSSH\;D:\development tools\MongoDB\Server\3.4\bin;D:\development tools\Git\cmd;C:\Program Files\NVIDIA Corporation\NVIDIA NvDLISR;D:\FrontendServer\nodejs\;D:\BackendServer\Java\MQ\RabbitMQ3.7.7\erl10.0.1\bin;D:\BackendServer\Java\MQ\RabbitMQ3.7.7\rabbitmq_server-3.7.7\sbin;D:\BackendServer\Java\JVM\btrace-bin-1.3.11.tgz\bin;c:\Program Files (x86)\Intel\Intel(R) Management Engine Components\DAL;c:\Program Files\Intel\Intel(R) Management Engine Components\DAL;D:\BackendServer\Java\RPC\thrift;C:\Users\rjsjs\.app\;D:\Server\Python\Python37-32\Scripts\;D:\Server\Python\Python37-32\;%USERPROFILE%\AppData\Local\Microsoft\WindowsApps;D:\development tools\Microsoft VS Code\bin;%
USERNAME=rjsjs
DISPLAY=:0.0
LC_ALL=en_US.UTF-8
OS=Windows_NT
PROCESSOR_IDENTIFIER=Intel64 Family 6 Model 142 Stepping 9, GenuineIntel



---------------  S Y S T E M  ---------------

OS: Windows 10 , 64 bit Build 18362 (10.0.18362.1110)
OS uptime: 21 days 23:46 hours

CPU:total 4 (initial active 4) (2 cores per cpu, 2 threads per core) family 6 model 142 stepping 9, cmov, cx8, fxsr, mmx, sse, sse2, sse3, ssse3, sse4.1, sse4.2, popcnt, avx, avx2, aes, clmul, erms, 3dnowpref, lzcnt, ht, tsc, tscinvbit, bmi1, bmi2, adx, fma

Memory: 4k page, system-wide physical 16286M (4397M free)
TotalPageFile size 31390M (AvailPageFile size 154M)
current process WorkingSet (physical memory assigned to process): 10M, peak: 10M
current process commit charge ("private bytes"): 52M, peak: 308M

vm_info: OpenJDK 64-Bit Server VM (11.0.9.1+11-b1145.63) for windows-amd64 JRE (11.0.9.1+11-b1145.63), built on Dec 21 2020 13:58:54 by "" with MS VC++ 14.0 (VS2015)

END.
