[2021-05-30T17:08:56.707+08:00] [WARN] [http-nio-8001-exec-2-36] [com.ccarlos.collector.web.IndexController] [DESKTOP-6MTN2DK] [172.23.126.1] [collector] [IndexController.java,41,com.ccarlos.collector.web.IndexController,index] [我是一条warn日志] ## ''
[2021-05-30T17:08:56.709+08:00] [ERROR] [http-nio-8001-exec-2-36] [com.ccarlos.collector.web.IndexController] [DESKTOP-6MTN2DK] [172.23.126.1] [collector] [IndexController.java,43,com.ccarlos.collector.web.IndexController,index] [我是一条error日志] ## ''
[2021-05-30T17:08:59.619+08:00] [WARN] [http-nio-8001-exec-1-35] [com.ccarlos.collector.web.IndexController] [DESKTOP-6MTN2DK] [172.23.126.1] [collector] [IndexController.java,41,com.ccarlos.collector.web.IndexController,index] [我是一条warn日志] ## ''
[2021-05-30T17:08:59.620+08:00] [ERROR] [http-nio-8001-exec-1-35] [com.ccarlos.collector.web.IndexController] [DESKTOP-6MTN2DK] [172.23.126.1] [collector] [IndexController.java,43,com.ccarlos.collector.web.IndexController,index] [我是一条error日志] ## ''
[2021-05-30T17:09:04.466+08:00] [WARN] [http-nio-8001-exec-3-37] [com.ccarlos.collector.web.IndexController] [DESKTOP-6MTN2DK] [172.23.126.1] [collector] [IndexController.java,41,com.ccarlos.collector.web.IndexController,index] [我是一条warn日志] ## ''
[2021-05-30T17:09:04.467+08:00] [ERROR] [http-nio-8001-exec-3-37] [com.ccarlos.collector.web.IndexController] [DESKTOP-6MTN2DK] [172.23.126.1] [collector] [IndexController.java,43,com.ccarlos.collector.web.IndexController,index] [我是一条error日志] ## ''
[2021-05-30T17:09:43.933+08:00] [WARN] [http-nio-8001-exec-4-38] [com.ccarlos.collector.web.IndexController] [DESKTOP-6MTN2DK] [172.23.126.1] [collector] [IndexController.java,41,com.ccarlos.collector.web.IndexController,index] [我是一条warn日志] ## ''
[2021-05-30T17:09:43.933+08:00] [ERROR] [http-nio-8001-exec-4-38] [com.ccarlos.collector.web.IndexController] [DESKTOP-6MTN2DK] [172.23.126.1] [collector] [IndexController.java,43,com.ccarlos.collector.web.IndexController,index] [我是一条error日志] ## ''
[2021-05-30T17:09:44.703+08:00] [WARN] [http-nio-8001-exec-5-39] [com.ccarlos.collector.web.IndexController] [DESKTOP-6MTN2DK] [172.23.126.1] [collector] [IndexController.java,41,com.ccarlos.collector.web.IndexController,index] [我是一条warn日志] ## ''
[2021-05-30T17:09:44.704+08:00] [ERROR] [http-nio-8001-exec-5-39] [com.ccarlos.collector.web.IndexController] [DESKTOP-6MTN2DK] [172.23.126.1] [collector] [IndexController.java,43,com.ccarlos.collector.web.IndexController,index] [我是一条error日志] ## ''
[2021-05-30T17:09:51.181+08:00] [WARN] [http-nio-8001-exec-7-41] [com.ccarlos.collector.web.IndexController] [DESKTOP-6MTN2DK] [172.23.126.1] [collector] [IndexController.java,41,com.ccarlos.collector.web.IndexController,index] [我是一条warn日志] ## ''
[2021-05-30T17:09:51.182+08:00] [ERROR] [http-nio-8001-exec-7-41] [com.ccarlos.collector.web.IndexController] [DESKTOP-6MTN2DK] [172.23.126.1] [collector] [IndexController.java,43,com.ccarlos.collector.web.IndexController,index] [我是一条error日志] ## ''
[2021-05-30T17:09:51.899+08:00] [WARN] [http-nio-8001-exec-8-42] [com.ccarlos.collector.web.IndexController] [DESKTOP-6MTN2DK] [172.23.126.1] [collector] [IndexController.java,41,com.ccarlos.collector.web.IndexController,index] [我是一条warn日志] ## ''
[2021-05-30T17:09:51.899+08:00] [ERROR] [http-nio-8001-exec-8-42] [com.ccarlos.collector.web.IndexController] [DESKTOP-6MTN2DK] [172.23.126.1] [collector] [IndexController.java,43,com.ccarlos.collector.web.IndexController,index] [我是一条error日志] ## ''
[2021-05-30T17:09:52.610+08:00] [WARN] [http-nio-8001-exec-9-43] [com.ccarlos.collector.web.IndexController] [DESKTOP-6MTN2DK] [172.23.126.1] [collector] [IndexController.java,41,com.ccarlos.collector.web.IndexController,index] [我是一条warn日志] ## ''
[2021-05-30T17:09:52.612+08:00] [ERROR] [http-nio-8001-exec-9-43] [com.ccarlos.collector.web.IndexController] [DESKTOP-6MTN2DK] [172.23.126.1] [collector] [IndexController.java,43,com.ccarlos.collector.web.IndexController,index] [我是一条error日志] ## ''
[2021-05-30T17:09:53.580+08:00] [WARN] [http-nio-8001-exec-10-44] [com.ccarlos.collector.web.IndexController] [DESKTOP-6MTN2DK] [172.23.126.1] [collector] [IndexController.java,41,com.ccarlos.collector.web.IndexController,index] [我是一条warn日志] ## ''
[2021-05-30T17:09:53.581+08:00] [ERROR] [http-nio-8001-exec-10-44] [com.ccarlos.collector.web.IndexController] [DESKTOP-6MTN2DK] [172.23.126.1] [collector] [IndexController.java,43,com.ccarlos.collector.web.IndexController,index] [我是一条error日志] ## ''
[2021-05-30T17:09:54.907+08:00] [WARN] [http-nio-8001-exec-2-36] [com.ccarlos.collector.web.IndexController] [DESKTOP-6MTN2DK] [172.23.126.1] [collector] [IndexController.java,41,com.ccarlos.collector.web.IndexController,index] [我是一条warn日志] ## ''
[2021-05-30T17:09:54.907+08:00] [ERROR] [http-nio-8001-exec-2-36] [com.ccarlos.collector.web.IndexController] [DESKTOP-6MTN2DK] [172.23.126.1] [collector] [IndexController.java,43,com.ccarlos.collector.web.IndexController,index] [我是一条error日志] ## ''
[2021-05-30T17:09:55.562+08:00] [WARN] [http-nio-8001-exec-1-35] [com.ccarlos.collector.web.IndexController] [DESKTOP-6MTN2DK] [172.23.126.1] [collector] [IndexController.java,41,com.ccarlos.collector.web.IndexController,index] [我是一条warn日志] ## ''
[2021-05-30T17:09:55.565+08:00] [ERROR] [http-nio-8001-exec-1-35] [com.ccarlos.collector.web.IndexController] [DESKTOP-6MTN2DK] [172.23.126.1] [collector] [IndexController.java,43,com.ccarlos.collector.web.IndexController,index] [我是一条error日志] ## ''
[2021-05-30T17:09:55.810+08:00] [WARN] [http-nio-8001-exec-3-37] [com.ccarlos.collector.web.IndexController] [DESKTOP-6MTN2DK] [172.23.126.1] [collector] [IndexController.java,41,com.ccarlos.collector.web.IndexController,index] [我是一条warn日志] ## ''
[2021-05-30T17:09:55.811+08:00] [ERROR] [http-nio-8001-exec-3-37] [com.ccarlos.collector.web.IndexController] [DESKTOP-6MTN2DK] [172.23.126.1] [collector] [IndexController.java,43,com.ccarlos.collector.web.IndexController,index] [我是一条error日志] ## ''
[2021-05-30T17:12:14.593+08:00] [ERROR] [http-nio-8001-exec-1-35] [com.ccarlos.collector.web.IndexController] [DESKTOP-6MTN2DK] [172.23.126.1] [collector] [IndexController.java,54,com.ccarlos.collector.web.IndexController,err] [算术异常] ## ' java.lang.ArithmeticException: / by zero
	at com.ccarlos.collector.web.IndexController.err(IndexController.java:52)
	at sun.reflect.NativeMethodAccessorImpl.invoke0(Native Method)
	at sun.reflect.NativeMethodAccessorImpl.invoke(NativeMethodAccessorImpl.java:62)
	at sun.reflect.DelegatingMethodAccessorImpl.invoke(DelegatingMethodAccessorImpl.java:43)
	at java.lang.reflect.Method.invoke(Method.java:498)
	at org.springframework.web.method.support.InvocableHandlerMethod.doInvoke(InvocableHandlerMethod.java:190)
	at org.springframework.web.method.support.InvocableHandlerMethod.invokeForRequest(InvocableHandlerMethod.java:138)
	at org.springframework.web.servlet.mvc.method.annotation.ServletInvocableHandlerMethod.invokeAndHandle(ServletInvocableHandlerMethod.java:104)
	at org.springframework.web.servlet.mvc.method.annotation.RequestMappingHandlerAdapter.invokeHandlerMethod(RequestMappingHandlerAdapter.java:892)
	at org.springframework.web.servlet.mvc.method.annotation.RequestMappingHandlerAdapter.handleInternal(RequestMappingHandlerAdapter.java:797)
	at org.springframework.web.servlet.mvc.method.AbstractHandlerMethodAdapter.handle(AbstractHandlerMethodAdapter.java:87)
	at org.springframework.web.servlet.DispatcherServlet.doDispatch(DispatcherServlet.java:1039)
	at org.springframework.web.servlet.DispatcherServlet.doService(DispatcherServlet.java:942)
	at org.springframework.web.servlet.FrameworkServlet.processRequest(FrameworkServlet.java:1005)
	at org.springframework.web.servlet.FrameworkServlet.doGet(FrameworkServlet.java:897)
	at javax.servlet.http.HttpServlet.service(HttpServlet.java:634)
	at org.springframework.web.servlet.FrameworkServlet.service(FrameworkServlet.java:882)
	at javax.servlet.http.HttpServlet.service(HttpServlet.java:741)
	at org.apache.catalina.core.ApplicationFilterChain.internalDoFilter(ApplicationFilterChain.java:231)
	at org.apache.catalina.core.ApplicationFilterChain.doFilter(ApplicationFilterChain.java:166)
	at org.apache.tomcat.websocket.server.WsFilter.doFilter(WsFilter.java:53)
	at org.apache.catalina.core.ApplicationFilterChain.internalDoFilter(ApplicationFilterChain.java:193)
	at org.apache.catalina.core.ApplicationFilterChain.doFilter(ApplicationFilterChain.java:166)
	at org.springframework.web.filter.RequestContextFilter.doFilterInternal(RequestContextFilter.java:99)
	at org.springframework.web.filter.OncePerRequestFilter.doFilter(OncePerRequestFilter.java:107)
	at org.apache.catalina.core.ApplicationFilterChain.internalDoFilter(ApplicationFilterChain.java:193)
	at org.apache.catalina.core.ApplicationFilterChain.doFilter(ApplicationFilterChain.java:166)
	at org.springframework.web.filter.FormContentFilter.doFilterInternal(FormContentFilter.java:92)
	at org.springframework.web.filter.OncePerRequestFilter.doFilter(OncePerRequestFilter.java:107)
	at org.apache.catalina.core.ApplicationFilterChain.internalDoFilter(ApplicationFilterChain.java:193)
	at org.apache.catalina.core.ApplicationFilterChain.doFilter(ApplicationFilterChain.java:166)
	at org.springframework.web.filter.HiddenHttpMethodFilter.doFilterInternal(HiddenHttpMethodFilter.java:93)
	at org.springframework.web.filter.OncePerRequestFilter.doFilter(OncePerRequestFilter.java:107)
	at org.apache.catalina.core.ApplicationFilterChain.internalDoFilter(ApplicationFilterChain.java:193)
	at org.apache.catalina.core.ApplicationFilterChain.doFilter(ApplicationFilterChain.java:166)
	at org.springframework.web.filter.CharacterEncodingFilter.doFilterInternal(CharacterEncodingFilter.java:200)
	at org.springframework.web.filter.OncePerRequestFilter.doFilter(OncePerRequestFilter.java:107)
	at org.apache.catalina.core.ApplicationFilterChain.internalDoFilter(ApplicationFilterChain.java:193)
	at org.apache.catalina.core.ApplicationFilterChain.doFilter(ApplicationFilterChain.java:166)
	at org.apache.catalina.core.StandardWrapperValve.invoke(StandardWrapperValve.java:200)
	at org.apache.catalina.core.StandardContextValve.invoke(StandardContextValve.java:96)
	at org.apache.catalina.authenticator.AuthenticatorBase.invoke(AuthenticatorBase.java:490)
	at org.apache.catalina.core.StandardHostValve.invoke(StandardHostValve.java:139)
	at org.apache.catalina.valves.ErrorReportValve.invoke(ErrorReportValve.java:92)
	at org.apache.catalina.core.StandardEngineValve.invoke(StandardEngineValve.java:74)
	at org.apache.catalina.connector.CoyoteAdapter.service(CoyoteAdapter.java:343)
	at org.apache.coyote.http11.Http11Processor.service(Http11Processor.java:408)
	at org.apache.coyote.AbstractProcessorLight.process(AbstractProcessorLight.java:66)
	at org.apache.coyote.AbstractProtocol$ConnectionHandler.process(AbstractProtocol.java:836)
	at org.apache.tomcat.util.net.NioEndpoint$SocketProcessor.doRun(NioEndpoint.java:1747)
	at org.apache.tomcat.util.net.SocketProcessorBase.run(SocketProcessorBase.java:49)
	at java.util.concurrent.ThreadPoolExecutor.runWorker(ThreadPoolExecutor.java:1149)
	at java.util.concurrent.ThreadPoolExecutor$Worker.run(ThreadPoolExecutor.java:624)
	at org.apache.tomcat.util.threads.TaskThread$WrappingRunnable.run(TaskThread.java:61)
	at java.lang.Thread.run(Thread.java:748)
'
[2021-05-30T19:16:02.641+08:00] [ERROR] [http-nio-8001-exec-1-36] [com.ccarlos.collector.web.IndexController] [DESKTOP-6MTN2DK] [172.23.126.1] [collector] [IndexController.java,54,com.ccarlos.collector.web.IndexController,err] [算术异常] ## ' java.lang.ArithmeticException: / by zero
	at com.ccarlos.collector.web.IndexController.err(IndexController.java:52)
	at sun.reflect.NativeMethodAccessorImpl.invoke0(Native Method)
	at sun.reflect.NativeMethodAccessorImpl.invoke(NativeMethodAccessorImpl.java:62)
	at sun.reflect.DelegatingMethodAccessorImpl.invoke(DelegatingMethodAccessorImpl.java:43)
	at java.lang.reflect.Method.invoke(Method.java:498)
	at org.springframework.web.method.support.InvocableHandlerMethod.doInvoke(InvocableHandlerMethod.java:190)
	at org.springframework.web.method.support.InvocableHandlerMethod.invokeForRequest(InvocableHandlerMethod.java:138)
	at org.springframework.web.servlet.mvc.method.annotation.ServletInvocableHandlerMethod.invokeAndHandle(ServletInvocableHandlerMethod.java:104)
	at org.springframework.web.servlet.mvc.method.annotation.RequestMappingHandlerAdapter.invokeHandlerMethod(RequestMappingHandlerAdapter.java:892)
	at org.springframework.web.servlet.mvc.method.annotation.RequestMappingHandlerAdapter.handleInternal(RequestMappingHandlerAdapter.java:797)
	at org.springframework.web.servlet.mvc.method.AbstractHandlerMethodAdapter.handle(AbstractHandlerMethodAdapter.java:87)
	at org.springframework.web.servlet.DispatcherServlet.doDispatch(DispatcherServlet.java:1039)
	at org.springframework.web.servlet.DispatcherServlet.doService(DispatcherServlet.java:942)
	at org.springframework.web.servlet.FrameworkServlet.processRequest(FrameworkServlet.java:1005)
	at org.springframework.web.servlet.FrameworkServlet.doGet(FrameworkServlet.java:897)
	at javax.servlet.http.HttpServlet.service(HttpServlet.java:634)
	at org.springframework.web.servlet.FrameworkServlet.service(FrameworkServlet.java:882)
	at javax.servlet.http.HttpServlet.service(HttpServlet.java:741)
	at org.apache.catalina.core.ApplicationFilterChain.internalDoFilter(ApplicationFilterChain.java:231)
	at org.apache.catalina.core.ApplicationFilterChain.doFilter(ApplicationFilterChain.java:166)
	at org.apache.tomcat.websocket.server.WsFilter.doFilter(WsFilter.java:53)
	at org.apache.catalina.core.ApplicationFilterChain.internalDoFilter(ApplicationFilterChain.java:193)
	at org.apache.catalina.core.ApplicationFilterChain.doFilter(ApplicationFilterChain.java:166)
	at org.springframework.web.filter.RequestContextFilter.doFilterInternal(RequestContextFilter.java:99)
	at org.springframework.web.filter.OncePerRequestFilter.doFilter(OncePerRequestFilter.java:107)
	at org.apache.catalina.core.ApplicationFilterChain.internalDoFilter(ApplicationFilterChain.java:193)
	at org.apache.catalina.core.ApplicationFilterChain.doFilter(ApplicationFilterChain.java:166)
	at org.springframework.web.filter.FormContentFilter.doFilterInternal(FormContentFilter.java:92)
	at org.springframework.web.filter.OncePerRequestFilter.doFilter(OncePerRequestFilter.java:107)
	at org.apache.catalina.core.ApplicationFilterChain.internalDoFilter(ApplicationFilterChain.java:193)
	at org.apache.catalina.core.ApplicationFilterChain.doFilter(ApplicationFilterChain.java:166)
	at org.springframework.web.filter.HiddenHttpMethodFilter.doFilterInternal(HiddenHttpMethodFilter.java:93)
	at org.springframework.web.filter.OncePerRequestFilter.doFilter(OncePerRequestFilter.java:107)
	at org.apache.catalina.core.ApplicationFilterChain.internalDoFilter(ApplicationFilterChain.java:193)
	at org.apache.catalina.core.ApplicationFilterChain.doFilter(ApplicationFilterChain.java:166)
	at org.springframework.web.filter.CharacterEncodingFilter.doFilterInternal(CharacterEncodingFilter.java:200)
	at org.springframework.web.filter.OncePerRequestFilter.doFilter(OncePerRequestFilter.java:107)
	at org.apache.catalina.core.ApplicationFilterChain.internalDoFilter(ApplicationFilterChain.java:193)
	at org.apache.catalina.core.ApplicationFilterChain.doFilter(ApplicationFilterChain.java:166)
	at org.apache.catalina.core.StandardWrapperValve.invoke(StandardWrapperValve.java:200)
	at org.apache.catalina.core.StandardContextValve.invoke(StandardContextValve.java:96)
	at org.apache.catalina.authenticator.AuthenticatorBase.invoke(AuthenticatorBase.java:490)
	at org.apache.catalina.core.StandardHostValve.invoke(StandardHostValve.java:139)
	at org.apache.catalina.valves.ErrorReportValve.invoke(ErrorReportValve.java:92)
	at org.apache.catalina.core.StandardEngineValve.invoke(StandardEngineValve.java:74)
	at org.apache.catalina.connector.CoyoteAdapter.service(CoyoteAdapter.java:343)
	at org.apache.coyote.http11.Http11Processor.service(Http11Processor.java:408)
	at org.apache.coyote.AbstractProcessorLight.process(AbstractProcessorLight.java:66)
	at org.apache.coyote.AbstractProtocol$ConnectionHandler.process(AbstractProtocol.java:836)
	at org.apache.tomcat.util.net.NioEndpoint$SocketProcessor.doRun(NioEndpoint.java:1747)
	at org.apache.tomcat.util.net.SocketProcessorBase.run(SocketProcessorBase.java:49)
	at java.util.concurrent.ThreadPoolExecutor.runWorker(ThreadPoolExecutor.java:1149)
	at java.util.concurrent.ThreadPoolExecutor$Worker.run(ThreadPoolExecutor.java:624)
	at org.apache.tomcat.util.threads.TaskThread$WrappingRunnable.run(TaskThread.java:61)
	at java.lang.Thread.run(Thread.java:748)
'
[2021-05-30T19:17:26.513+08:00] [ERROR] [main-1] [org.apache.catalina.util.LifecycleBase] [] [] [] [DirectJDKLog.java,175,org.apache.juli.logging.DirectJDKLog,log] [Failed to start component [Connector[HTTP/1.1-8001]]] ## ' org.apache.catalina.LifecycleException: Protocol handler start failed
	at org.apache.catalina.connector.Connector.startInternal(Connector.java:1008)
	at org.apache.catalina.util.LifecycleBase.start(LifecycleBase.java:183)
	at org.apache.catalina.core.StandardService.addConnector(StandardService.java:226)
	at org.springframework.boot.web.embedded.tomcat.TomcatWebServer.addPreviouslyRemovedConnectors(TomcatWebServer.java:259)
	at org.springframework.boot.web.embedded.tomcat.TomcatWebServer.start(TomcatWebServer.java:197)
	at org.springframework.boot.web.servlet.context.ServletWebServerApplicationContext.startWebServer(ServletWebServerApplicationContext.java:311)
	at org.springframework.boot.web.servlet.context.ServletWebServerApplicationContext.finishRefresh(ServletWebServerApplicationContext.java:164)
	at org.springframework.context.support.AbstractApplicationContext.refresh(AbstractApplicationContext.java:552)
	at org.springframework.boot.web.servlet.context.ServletWebServerApplicationContext.refresh(ServletWebServerApplicationContext.java:142)
	at org.springframework.boot.SpringApplication.refresh(SpringApplication.java:775)
	at org.springframework.boot.SpringApplication.refreshContext(SpringApplication.java:397)
	at org.springframework.boot.SpringApplication.run(SpringApplication.java:316)
	at com.ccarlos.collector.CollectorApplication.main(CollectorApplication.java:13)
	at sun.reflect.NativeMethodAccessorImpl.invoke0(Native Method)
	at sun.reflect.NativeMethodAccessorImpl.invoke(Unknown Source)
	at sun.reflect.DelegatingMethodAccessorImpl.invoke(Unknown Source)
	at java.lang.reflect.Method.invoke(Unknown Source)
	at org.springframework.boot.loader.MainMethodRunner.run(MainMethodRunner.java:48)
	at org.springframework.boot.loader.Launcher.launch(Launcher.java:87)
	at org.springframework.boot.loader.Launcher.launch(Launcher.java:50)
	at org.springframework.boot.loader.JarLauncher.main(JarLauncher.java:51)
Caused by: java.net.BindException: Address already in use: bind
	at sun.nio.ch.Net.bind0(Native Method)
	at sun.nio.ch.Net.bind(Unknown Source)
	at sun.nio.ch.Net.bind(Unknown Source)
	at sun.nio.ch.ServerSocketChannelImpl.bind(Unknown Source)
	at sun.nio.ch.ServerSocketAdaptor.bind(Unknown Source)
	at org.apache.tomcat.util.net.NioEndpoint.initServerSocket(NioEndpoint.java:239)
	at org.apache.tomcat.util.net.NioEndpoint.bind(NioEndpoint.java:213)
	at org.apache.tomcat.util.net.AbstractEndpoint.bindWithCleanup(AbstractEndpoint.java:1116)
	at org.apache.tomcat.util.net.AbstractEndpoint.start(AbstractEndpoint.java:1202)
	at org.apache.coyote.AbstractProtocol.start(AbstractProtocol.java:568)
	at org.apache.catalina.connector.Connector.startInternal(Connector.java:1005)
	... 20 more
'
[2021-05-30T19:17:26.585+08:00] [ERROR] [main-1] [org.springframework.boot.diagnostics.LoggingFailureAnalysisReporter] [] [] [] [LoggingFailureAnalysisReporter.java,42,org.springframework.boot.diagnostics.LoggingFailureAnalysisReporter,report] [

***************************
APPLICATION FAILED TO START
***************************

Description:

The Tomcat connector configured to listen on port 8001 failed to start. The port may already be in use or the connector may be misconfigured.

Action:

Verify the connector's configuration, identify and stop any process that's listening on port 8001, or configure this application to listen on another port.
] ## ''
