[2021-05-30T16:53:33.996+08:00] [INFO] [main-1] [com.ccarlos.collector.CollectorApplication] [] [] [] [StartupInfoLogger.java,50,org.springframework.boot.StartupInfoLogger,logStarting] [Starting CollectorApplication on DESKTOP-6MTN2DK with PID 36028 (C:\Users\rjsjs\Desktop\program-learning\mooc-learning\gold-position\java-architect-technical-expert\architect-stage-3-distributed\learning-kafka\collector\target\classes started by rjsjs in C:\Users\rjsjs\Desktop\program-learning)] ## ''
[2021-05-30T16:53:34.052+08:00] [INFO] [main-1] [com.ccarlos.collector.CollectorApplication] [] [] [] [SpringApplication.java,675,org.springframework.boot.SpringApplication,logStartupProfileInfo] [No active profile set, falling back to default profiles: default] ## ''
[2021-05-30T16:53:38.942+08:00] [INFO] [main-1] [org.springframework.boot.web.embedded.tomcat.TomcatWebServer] [] [] [] [TomcatWebServer.java,90,org.springframework.boot.web.embedded.tomcat.TomcatWebServer,initialize] [Tomcat initialized with port(s): 8001 (http)] ## ''
[2021-05-30T16:53:39.088+08:00] [INFO] [main-1] [org.apache.coyote.http11.Http11NioProtocol] [] [] [] [DirectJDKLog.java,173,org.apache.juli.logging.DirectJDKLog,log] [Initializing ProtocolHandler ["http-nio-8001"]] ## ''
[2021-05-30T16:53:39.136+08:00] [INFO] [main-1] [org.apache.catalina.core.StandardService] [] [] [] [DirectJDKLog.java,173,org.apache.juli.logging.DirectJDKLog,log] [Starting service [Tomcat]] ## ''
[2021-05-30T16:53:39.139+08:00] [INFO] [main-1] [org.apache.catalina.core.StandardEngine] [] [] [] [DirectJDKLog.java,173,org.apache.juli.logging.DirectJDKLog,log] [Starting Servlet engine: [Apache Tomcat/9.0.19]] ## ''
[2021-05-30T16:53:39.643+08:00] [INFO] [main-1] [org.apache.catalina.core.ContainerBase.[Tomcat].[localhost].[/]] [] [] [] [DirectJDKLog.java,173,org.apache.juli.logging.DirectJDKLog,log] [Initializing Spring embedded WebApplicationContext] ## ''
[2021-05-30T16:53:39.645+08:00] [INFO] [main-1] [org.springframework.web.context.ContextLoader] [] [] [] [ServletWebServerApplicationContext.java,296,org.springframework.boot.web.servlet.context.ServletWebServerApplicationContext,prepareWebApplicationContext] [Root WebApplicationContext: initialization completed in 4951 ms] ## ''
[2021-05-30T16:53:40.561+08:00] [INFO] [main-1] [org.springframework.scheduling.concurrent.ThreadPoolTaskExecutor] [] [] [] [ExecutorConfigurationSupport.java,171,org.springframework.scheduling.concurrent.ExecutorConfigurationSupport,initialize] [Initializing ExecutorService 'applicationTaskExecutor'] ## ''
[2021-05-30T16:53:41.198+08:00] [INFO] [main-1] [org.apache.coyote.http11.Http11NioProtocol] [] [] [] [DirectJDKLog.java,173,org.apache.juli.logging.DirectJDKLog,log] [Starting ProtocolHandler ["http-nio-8001"]] ## ''
[2021-05-30T16:53:41.364+08:00] [INFO] [main-1] [org.springframework.boot.web.embedded.tomcat.TomcatWebServer] [] [] [] [TomcatWebServer.java,204,org.springframework.boot.web.embedded.tomcat.TomcatWebServer,start] [Tomcat started on port(s): 8001 (http) with context path ''] ## ''
[2021-05-30T16:53:41.376+08:00] [INFO] [main-1] [com.ccarlos.collector.CollectorApplication] [] [] [] [StartupInfoLogger.java,59,org.springframework.boot.StartupInfoLogger,logStarted] [Started CollectorApplication in 9.694 seconds (JVM running for 15.874)] ## ''
[2021-05-30T16:54:01.754+08:00] [INFO] [Thread-7-43] [org.springframework.scheduling.concurrent.ThreadPoolTaskExecutor] [] [] [] [ExecutorConfigurationSupport.java,208,org.springframework.scheduling.concurrent.ExecutorConfigurationSupport,shutdown] [Shutting down ExecutorService 'applicationTaskExecutor'] ## ''
[2021-05-30T16:54:27.332+08:00] [INFO] [main-1] [com.ccarlos.collector.CollectorApplication] [] [] [] [StartupInfoLogger.java,50,org.springframework.boot.StartupInfoLogger,logStarting] [Starting CollectorApplication on DESKTOP-6MTN2DK with PID 36072 (C:\Users\rjsjs\Desktop\program-learning\mooc-learning\gold-position\java-architect-technical-expert\architect-stage-3-distributed\learning-kafka\collector\target\classes started by rjsjs in C:\Users\rjsjs\Desktop\program-learning)] ## ''
[2021-05-30T16:54:27.418+08:00] [INFO] [main-1] [com.ccarlos.collector.CollectorApplication] [] [] [] [SpringApplication.java,675,org.springframework.boot.SpringApplication,logStartupProfileInfo] [No active profile set, falling back to default profiles: default] ## ''
[2021-05-30T16:54:30.602+08:00] [INFO] [main-1] [org.springframework.boot.web.embedded.tomcat.TomcatWebServer] [] [] [] [TomcatWebServer.java,90,org.springframework.boot.web.embedded.tomcat.TomcatWebServer,initialize] [Tomcat initialized with port(s): 8001 (http)] ## ''
[2021-05-30T16:54:30.667+08:00] [INFO] [main-1] [org.apache.coyote.http11.Http11NioProtocol] [] [] [] [DirectJDKLog.java,173,org.apache.juli.logging.DirectJDKLog,log] [Initializing ProtocolHandler ["http-nio-8001"]] ## ''
[2021-05-30T16:54:30.690+08:00] [INFO] [main-1] [org.apache.catalina.core.StandardService] [] [] [] [DirectJDKLog.java,173,org.apache.juli.logging.DirectJDKLog,log] [Starting service [Tomcat]] ## ''
[2021-05-30T16:54:30.695+08:00] [INFO] [main-1] [org.apache.catalina.core.StandardEngine] [] [] [] [DirectJDKLog.java,173,org.apache.juli.logging.DirectJDKLog,log] [Starting Servlet engine: [Apache Tomcat/9.0.19]] ## ''
[2021-05-30T16:54:31.230+08:00] [INFO] [main-1] [org.apache.catalina.core.ContainerBase.[Tomcat].[localhost].[/]] [] [] [] [DirectJDKLog.java,173,org.apache.juli.logging.DirectJDKLog,log] [Initializing Spring embedded WebApplicationContext] ## ''
[2021-05-30T16:54:31.231+08:00] [INFO] [main-1] [org.springframework.web.context.ContextLoader] [] [] [] [ServletWebServerApplicationContext.java,296,org.springframework.boot.web.servlet.context.ServletWebServerApplicationContext,prepareWebApplicationContext] [Root WebApplicationContext: initialization completed in 3646 ms] ## ''
[2021-05-30T16:54:31.661+08:00] [INFO] [main-1] [org.springframework.scheduling.concurrent.ThreadPoolTaskExecutor] [] [] [] [ExecutorConfigurationSupport.java,171,org.springframework.scheduling.concurrent.ExecutorConfigurationSupport,initialize] [Initializing ExecutorService 'applicationTaskExecutor'] ## ''
[2021-05-30T16:54:31.939+08:00] [INFO] [main-1] [org.apache.coyote.http11.Http11NioProtocol] [] [] [] [DirectJDKLog.java,173,org.apache.juli.logging.DirectJDKLog,log] [Starting ProtocolHandler ["http-nio-8001"]] ## ''
[2021-05-30T16:54:31.986+08:00] [INFO] [main-1] [org.springframework.boot.web.embedded.tomcat.TomcatWebServer] [] [] [] [TomcatWebServer.java,204,org.springframework.boot.web.embedded.tomcat.TomcatWebServer,start] [Tomcat started on port(s): 8001 (http) with context path ''] ## ''
[2021-05-30T16:54:31.993+08:00] [INFO] [main-1] [com.ccarlos.collector.CollectorApplication] [] [] [] [StartupInfoLogger.java,59,org.springframework.boot.StartupInfoLogger,logStarted] [Started CollectorApplication in 6.465 seconds (JVM running for 11.242)] ## ''
[2021-05-30T16:55:57.416+08:00] [INFO] [main-1] [com.ccarlos.collector.CollectorApplication] [] [] [] [StartupInfoLogger.java,50,org.springframework.boot.StartupInfoLogger,logStarting] [Starting CollectorApplication on DESKTOP-6MTN2DK with PID 39480 (C:\Users\rjsjs\Desktop\program-learning\mooc-learning\gold-position\java-architect-technical-expert\architect-stage-3-distributed\learning-kafka\collector\target\classes started by rjsjs in C:\Users\rjsjs\Desktop\program-learning)] ## ''
[2021-05-30T16:55:57.449+08:00] [INFO] [main-1] [com.ccarlos.collector.CollectorApplication] [] [] [] [SpringApplication.java,675,org.springframework.boot.SpringApplication,logStartupProfileInfo] [No active profile set, falling back to default profiles: default] ## ''
[2021-05-30T16:55:59.961+08:00] [INFO] [main-1] [org.springframework.boot.web.embedded.tomcat.TomcatWebServer] [] [] [] [TomcatWebServer.java,90,org.springframework.boot.web.embedded.tomcat.TomcatWebServer,initialize] [Tomcat initialized with port(s): 8001 (http)] ## ''
[2021-05-30T16:56:00.036+08:00] [INFO] [main-1] [org.apache.coyote.http11.Http11NioProtocol] [] [] [] [DirectJDKLog.java,173,org.apache.juli.logging.DirectJDKLog,log] [Initializing ProtocolHandler ["http-nio-8001"]] ## ''
[2021-05-30T16:56:00.064+08:00] [INFO] [main-1] [org.apache.catalina.core.StandardService] [] [] [] [DirectJDKLog.java,173,org.apache.juli.logging.DirectJDKLog,log] [Starting service [Tomcat]] ## ''
[2021-05-30T16:56:00.066+08:00] [INFO] [main-1] [org.apache.catalina.core.StandardEngine] [] [] [] [DirectJDKLog.java,173,org.apache.juli.logging.DirectJDKLog,log] [Starting Servlet engine: [Apache Tomcat/9.0.19]] ## ''
[2021-05-30T16:56:00.332+08:00] [INFO] [main-1] [org.apache.catalina.core.ContainerBase.[Tomcat].[localhost].[/]] [] [] [] [DirectJDKLog.java,173,org.apache.juli.logging.DirectJDKLog,log] [Initializing Spring embedded WebApplicationContext] ## ''
[2021-05-30T16:56:00.332+08:00] [INFO] [main-1] [org.springframework.web.context.ContextLoader] [] [] [] [ServletWebServerApplicationContext.java,296,org.springframework.boot.web.servlet.context.ServletWebServerApplicationContext,prepareWebApplicationContext] [Root WebApplicationContext: initialization completed in 2766 ms] ## ''
[2021-05-30T16:56:00.762+08:00] [INFO] [main-1] [org.springframework.scheduling.concurrent.ThreadPoolTaskExecutor] [] [] [] [ExecutorConfigurationSupport.java,171,org.springframework.scheduling.concurrent.ExecutorConfigurationSupport,initialize] [Initializing ExecutorService 'applicationTaskExecutor'] ## ''
[2021-05-30T16:56:01.060+08:00] [INFO] [main-1] [org.apache.coyote.http11.Http11NioProtocol] [] [] [] [DirectJDKLog.java,173,org.apache.juli.logging.DirectJDKLog,log] [Starting ProtocolHandler ["http-nio-8001"]] ## ''
[2021-05-30T16:56:01.083+08:00] [ERROR] [main-1] [org.apache.catalina.util.LifecycleBase] [] [] [] [DirectJDKLog.java,175,org.apache.juli.logging.DirectJDKLog,log] [Failed to start component [Connector[HTTP/1.1-8001]]] ## ' org.apache.catalina.LifecycleException: Protocol handler start failed
	at org.apache.catalina.connector.Connector.startInternal(Connector.java:1008)
	at org.apache.catalina.util.LifecycleBase.start(LifecycleBase.java:183)
	at org.apache.catalina.core.StandardService.addConnector(StandardService.java:226)
	at org.springframework.boot.web.embedded.tomcat.TomcatWebServer.addPreviouslyRemovedConnectors(TomcatWebServer.java:259)
	at org.springframework.boot.web.embedded.tomcat.TomcatWebServer.start(TomcatWebServer.java:197)
	at org.springframework.boot.web.servlet.context.ServletWebServerApplicationContext.startWebServer(ServletWebServerApplicationContext.java:311)
	at org.springframework.boot.web.servlet.context.ServletWebServerApplicationContext.finishRefresh(ServletWebServerApplicationContext.java:164)
	at org.springframework.context.support.AbstractApplicationContext.refresh(AbstractApplicationContext.java:552)
	at org.springframework.boot.web.servlet.context.ServletWebServerApplicationContext.refresh(ServletWebServerApplicationContext.java:142)
	at org.springframework.boot.SpringApplication.refresh(SpringApplication.java:775)
	at org.springframework.boot.SpringApplication.refreshContext(SpringApplication.java:397)
	at org.springframework.boot.SpringApplication.run(SpringApplication.java:316)
	at com.ccarlos.collector.CollectorApplication.main(CollectorApplication.java:13)
Caused by: java.net.BindException: Address already in use: bind
	at sun.nio.ch.Net.bind0(Native Method)
	at sun.nio.ch.Net.bind(Net.java:433)
	at sun.nio.ch.Net.bind(Net.java:425)
	at sun.nio.ch.ServerSocketChannelImpl.bind(ServerSocketChannelImpl.java:223)
	at sun.nio.ch.ServerSocketAdaptor.bind(ServerSocketAdaptor.java:74)
	at org.apache.tomcat.util.net.NioEndpoint.initServerSocket(NioEndpoint.java:239)
	at org.apache.tomcat.util.net.NioEndpoint.bind(NioEndpoint.java:213)
	at org.apache.tomcat.util.net.AbstractEndpoint.bindWithCleanup(AbstractEndpoint.java:1116)
	at org.apache.tomcat.util.net.AbstractEndpoint.start(AbstractEndpoint.java:1202)
	at org.apache.coyote.AbstractProtocol.start(AbstractProtocol.java:568)
	at org.apache.catalina.connector.Connector.startInternal(Connector.java:1005)
	... 12 more
'
[2021-05-30T16:56:01.099+08:00] [INFO] [main-1] [org.apache.coyote.http11.Http11NioProtocol] [] [] [] [DirectJDKLog.java,173,org.apache.juli.logging.DirectJDKLog,log] [Pausing ProtocolHandler ["http-nio-8001"]] ## ''
[2021-05-30T16:56:01.099+08:00] [INFO] [main-1] [org.apache.catalina.core.StandardService] [] [] [] [DirectJDKLog.java,173,org.apache.juli.logging.DirectJDKLog,log] [Stopping service [Tomcat]] ## ''
[2021-05-30T16:56:01.115+08:00] [INFO] [main-1] [org.apache.catalina.util.LifecycleBase] [] [] [] [DirectJDKLog.java,173,org.apache.juli.logging.DirectJDKLog,log] [The stop() method was called on component [StandardServer[-1]] after stop() had already been called. The second call will be ignored.] ## ''
[2021-05-30T16:56:01.116+08:00] [INFO] [main-1] [org.apache.coyote.http11.Http11NioProtocol] [] [] [] [DirectJDKLog.java,173,org.apache.juli.logging.DirectJDKLog,log] [Stopping ProtocolHandler ["http-nio-8001"]] ## ''
[2021-05-30T16:56:01.117+08:00] [INFO] [main-1] [org.apache.coyote.http11.Http11NioProtocol] [] [] [] [DirectJDKLog.java,173,org.apache.juli.logging.DirectJDKLog,log] [Destroying ProtocolHandler ["http-nio-8001"]] ## ''
[2021-05-30T16:56:01.129+08:00] [INFO] [main-1] [org.springframework.boot.autoconfigure.logging.ConditionEvaluationReportLoggingListener] [] [] [] [ConditionEvaluationReportLoggingListener.java,142,org.springframework.boot.autoconfigure.logging.ConditionEvaluationReportLoggingListener,logMessage] [

Error starting ApplicationContext. To display the conditions report re-run your application with 'debug' enabled.] ## ''
[2021-05-30T16:56:01.140+08:00] [ERROR] [main-1] [org.springframework.boot.diagnostics.LoggingFailureAnalysisReporter] [] [] [] [LoggingFailureAnalysisReporter.java,42,org.springframework.boot.diagnostics.LoggingFailureAnalysisReporter,report] [

***************************
APPLICATION FAILED TO START
***************************

Description:

The Tomcat connector configured to listen on port 8001 failed to start. The port may already be in use or the connector may be misconfigured.

Action:

Verify the connector's configuration, identify and stop any process that's listening on port 8001, or configure this application to listen on another port.
] ## ''
[2021-05-30T16:56:01.146+08:00] [INFO] [main-1] [org.springframework.scheduling.concurrent.ThreadPoolTaskExecutor] [] [] [] [ExecutorConfigurationSupport.java,208,org.springframework.scheduling.concurrent.ExecutorConfigurationSupport,shutdown] [Shutting down ExecutorService 'applicationTaskExecutor'] ## ''
[2021-05-30T16:57:08.817+08:00] [INFO] [main-1] [com.ccarlos.collector.CollectorApplication] [] [] [] [StartupInfoLogger.java,50,org.springframework.boot.StartupInfoLogger,logStarting] [Starting CollectorApplication on DESKTOP-6MTN2DK with PID 35868 (C:\Users\rjsjs\Desktop\program-learning\mooc-learning\gold-position\java-architect-technical-expert\architect-stage-3-distributed\learning-kafka\collector\target\classes started by rjsjs in C:\Users\rjsjs\Desktop\program-learning)] ## ''
[2021-05-30T16:57:08.831+08:00] [INFO] [main-1] [com.ccarlos.collector.CollectorApplication] [] [] [] [SpringApplication.java,675,org.springframework.boot.SpringApplication,logStartupProfileInfo] [No active profile set, falling back to default profiles: default] ## ''
[2021-05-30T16:57:11.930+08:00] [INFO] [main-1] [org.springframework.boot.web.embedded.tomcat.TomcatWebServer] [] [] [] [TomcatWebServer.java,90,org.springframework.boot.web.embedded.tomcat.TomcatWebServer,initialize] [Tomcat initialized with port(s): 8001 (http)] ## ''
[2021-05-30T16:57:11.982+08:00] [INFO] [main-1] [org.apache.coyote.http11.Http11NioProtocol] [] [] [] [DirectJDKLog.java,173,org.apache.juli.logging.DirectJDKLog,log] [Initializing ProtocolHandler ["http-nio-8001"]] ## ''
[2021-05-30T16:57:12.001+08:00] [INFO] [main-1] [org.apache.catalina.core.StandardService] [] [] [] [DirectJDKLog.java,173,org.apache.juli.logging.DirectJDKLog,log] [Starting service [Tomcat]] ## ''
[2021-05-30T16:57:12.003+08:00] [INFO] [main-1] [org.apache.catalina.core.StandardEngine] [] [] [] [DirectJDKLog.java,173,org.apache.juli.logging.DirectJDKLog,log] [Starting Servlet engine: [Apache Tomcat/9.0.19]] ## ''
[2021-05-30T16:57:12.211+08:00] [INFO] [main-1] [org.apache.catalina.core.ContainerBase.[Tomcat].[localhost].[/]] [] [] [] [DirectJDKLog.java,173,org.apache.juli.logging.DirectJDKLog,log] [Initializing Spring embedded WebApplicationContext] ## ''
[2021-05-30T16:57:12.213+08:00] [INFO] [main-1] [org.springframework.web.context.ContextLoader] [] [] [] [ServletWebServerApplicationContext.java,296,org.springframework.boot.web.servlet.context.ServletWebServerApplicationContext,prepareWebApplicationContext] [Root WebApplicationContext: initialization completed in 3096 ms] ## ''
[2021-05-30T16:57:12.690+08:00] [INFO] [main-1] [org.springframework.scheduling.concurrent.ThreadPoolTaskExecutor] [] [] [] [ExecutorConfigurationSupport.java,171,org.springframework.scheduling.concurrent.ExecutorConfigurationSupport,initialize] [Initializing ExecutorService 'applicationTaskExecutor'] ## ''
[2021-05-30T16:57:12.971+08:00] [INFO] [main-1] [org.apache.coyote.http11.Http11NioProtocol] [] [] [] [DirectJDKLog.java,173,org.apache.juli.logging.DirectJDKLog,log] [Starting ProtocolHandler ["http-nio-8001"]] ## ''
[2021-05-30T16:57:13.026+08:00] [INFO] [main-1] [org.springframework.boot.web.embedded.tomcat.TomcatWebServer] [] [] [] [TomcatWebServer.java,204,org.springframework.boot.web.embedded.tomcat.TomcatWebServer,start] [Tomcat started on port(s): 8001 (http) with context path ''] ## ''
[2021-05-30T16:57:13.033+08:00] [INFO] [main-1] [com.ccarlos.collector.CollectorApplication] [] [] [] [StartupInfoLogger.java,59,org.springframework.boot.StartupInfoLogger,logStarted] [Started CollectorApplication in 5.883 seconds (JVM running for 10.799)] ## ''
[2021-05-30T17:04:02.618+08:00] [INFO] [Thread-11-48] [org.springframework.scheduling.concurrent.ThreadPoolTaskExecutor] [] [] [] [ExecutorConfigurationSupport.java,208,org.springframework.scheduling.concurrent.ExecutorConfigurationSupport,shutdown] [Shutting down ExecutorService 'applicationTaskExecutor'] ## ''
[2021-05-30T17:04:27.151+08:00] [INFO] [main-1] [com.ccarlos.collector.CollectorApplication] [] [] [] [StartupInfoLogger.java,50,org.springframework.boot.StartupInfoLogger,logStarting] [Starting CollectorApplication on DESKTOP-6MTN2DK with PID 35340 (C:\Users\rjsjs\Desktop\program-learning\mooc-learning\gold-position\java-architect-technical-expert\architect-stage-3-distributed\learning-kafka\collector\target\classes started by rjsjs in C:\Users\rjsjs\Desktop\program-learning)] ## ''
[2021-05-30T17:04:27.257+08:00] [INFO] [main-1] [com.ccarlos.collector.CollectorApplication] [] [] [] [SpringApplication.java,675,org.springframework.boot.SpringApplication,logStartupProfileInfo] [No active profile set, falling back to default profiles: default] ## ''
[2021-05-30T17:04:30.593+08:00] [INFO] [main-1] [org.springframework.boot.web.embedded.tomcat.TomcatWebServer] [] [] [] [TomcatWebServer.java,90,org.springframework.boot.web.embedded.tomcat.TomcatWebServer,initialize] [Tomcat initialized with port(s): 8001 (http)] ## ''
[2021-05-30T17:04:30.656+08:00] [INFO] [main-1] [org.apache.coyote.http11.Http11NioProtocol] [] [] [] [DirectJDKLog.java,173,org.apache.juli.logging.DirectJDKLog,log] [Initializing ProtocolHandler ["http-nio-8001"]] ## ''
[2021-05-30T17:04:30.673+08:00] [INFO] [main-1] [org.apache.catalina.core.StandardService] [] [] [] [DirectJDKLog.java,173,org.apache.juli.logging.DirectJDKLog,log] [Starting service [Tomcat]] ## ''
[2021-05-30T17:04:30.675+08:00] [INFO] [main-1] [org.apache.catalina.core.StandardEngine] [] [] [] [DirectJDKLog.java,173,org.apache.juli.logging.DirectJDKLog,log] [Starting Servlet engine: [Apache Tomcat/9.0.19]] ## ''
[2021-05-30T17:04:30.883+08:00] [INFO] [main-1] [org.apache.catalina.core.ContainerBase.[Tomcat].[localhost].[/]] [] [] [] [DirectJDKLog.java,173,org.apache.juli.logging.DirectJDKLog,log] [Initializing Spring embedded WebApplicationContext] ## ''
[2021-05-30T17:04:30.887+08:00] [INFO] [main-1] [org.springframework.web.context.ContextLoader] [] [] [] [ServletWebServerApplicationContext.java,296,org.springframework.boot.web.servlet.context.ServletWebServerApplicationContext,prepareWebApplicationContext] [Root WebApplicationContext: initialization completed in 3324 ms] ## ''
[2021-05-30T17:04:31.244+08:00] [INFO] [main-1] [org.springframework.scheduling.concurrent.ThreadPoolTaskExecutor] [] [] [] [ExecutorConfigurationSupport.java,171,org.springframework.scheduling.concurrent.ExecutorConfigurationSupport,initialize] [Initializing ExecutorService 'applicationTaskExecutor'] ## ''
[2021-05-30T17:04:31.486+08:00] [INFO] [main-1] [org.apache.coyote.http11.Http11NioProtocol] [] [] [] [DirectJDKLog.java,173,org.apache.juli.logging.DirectJDKLog,log] [Starting ProtocolHandler ["http-nio-8001"]] ## ''
[2021-05-30T17:04:31.529+08:00] [INFO] [main-1] [org.springframework.boot.web.embedded.tomcat.TomcatWebServer] [] [] [] [TomcatWebServer.java,204,org.springframework.boot.web.embedded.tomcat.TomcatWebServer,start] [Tomcat started on port(s): 8001 (http) with context path ''] ## ''
[2021-05-30T17:04:31.537+08:00] [INFO] [main-1] [com.ccarlos.collector.CollectorApplication] [] [] [] [StartupInfoLogger.java,59,org.springframework.boot.StartupInfoLogger,logStarted] [Started CollectorApplication in 6.65 seconds (JVM running for 13.383)] ## ''
[2021-05-30T17:04:42.634+08:00] [INFO] [http-nio-8001-exec-1-32] [org.apache.catalina.core.ContainerBase.[Tomcat].[localhost].[/]] [] [] [] [DirectJDKLog.java,173,org.apache.juli.logging.DirectJDKLog,log] [Initializing Spring DispatcherServlet 'dispatcherServlet'] ## ''
[2021-05-30T17:04:42.638+08:00] [INFO] [http-nio-8001-exec-1-32] [org.springframework.web.servlet.DispatcherServlet] [] [] [] [FrameworkServlet.java,524,org.springframework.web.servlet.FrameworkServlet,initServletBean] [Initializing Servlet 'dispatcherServlet'] ## ''
[2021-05-30T17:04:42.655+08:00] [INFO] [http-nio-8001-exec-1-32] [org.springframework.web.servlet.DispatcherServlet] [] [] [] [FrameworkServlet.java,546,org.springframework.web.servlet.FrameworkServlet,initServletBean] [Completed initialization in 16 ms] ## ''
[2021-05-30T17:04:43.706+08:00] [INFO] [http-nio-8001-exec-1-32] [com.ccarlos.collector.web.IndexController] [DESKTOP-6MTN2DK] [172.23.126.1] [collector] [IndexController.java,39,com.ccarlos.collector.web.IndexController,index] [我是一条info日志] ## ''
[2021-05-30T17:04:43.707+08:00] [WARN] [http-nio-8001-exec-1-32] [com.ccarlos.collector.web.IndexController] [DESKTOP-6MTN2DK] [172.23.126.1] [collector] [IndexController.java,41,com.ccarlos.collector.web.IndexController,index] [我是一条warn日志] ## ''
[2021-05-30T17:04:43.707+08:00] [ERROR] [http-nio-8001-exec-1-32] [com.ccarlos.collector.web.IndexController] [DESKTOP-6MTN2DK] [172.23.126.1] [collector] [IndexController.java,43,com.ccarlos.collector.web.IndexController,index] [我是一条error日志] ## ''
[2021-05-30T17:06:30.591+08:00] [INFO] [http-nio-8001-exec-5-36] [com.ccarlos.collector.web.IndexController] [DESKTOP-6MTN2DK] [172.23.126.1] [collector] [IndexController.java,39,com.ccarlos.collector.web.IndexController,index] [我是一条info日志] ## ''
[2021-05-30T17:06:30.592+08:00] [WARN] [http-nio-8001-exec-5-36] [com.ccarlos.collector.web.IndexController] [DESKTOP-6MTN2DK] [172.23.126.1] [collector] [IndexController.java,41,com.ccarlos.collector.web.IndexController,index] [我是一条warn日志] ## ''
[2021-05-30T17:06:30.592+08:00] [ERROR] [http-nio-8001-exec-5-36] [com.ccarlos.collector.web.IndexController] [DESKTOP-6MTN2DK] [172.23.126.1] [collector] [IndexController.java,43,com.ccarlos.collector.web.IndexController,index] [我是一条error日志] ## ''
[2021-05-30T17:06:33.083+08:00] [INFO] [http-nio-8001-exec-7-38] [com.ccarlos.collector.web.IndexController] [DESKTOP-6MTN2DK] [172.23.126.1] [collector] [IndexController.java,39,com.ccarlos.collector.web.IndexController,index] [我是一条info日志] ## ''
[2021-05-30T17:06:33.084+08:00] [WARN] [http-nio-8001-exec-7-38] [com.ccarlos.collector.web.IndexController] [DESKTOP-6MTN2DK] [172.23.126.1] [collector] [IndexController.java,41,com.ccarlos.collector.web.IndexController,index] [我是一条warn日志] ## ''
[2021-05-30T17:06:33.085+08:00] [ERROR] [http-nio-8001-exec-7-38] [com.ccarlos.collector.web.IndexController] [DESKTOP-6MTN2DK] [172.23.126.1] [collector] [IndexController.java,43,com.ccarlos.collector.web.IndexController,index] [我是一条error日志] ## ''
[2021-05-30T17:06:38.989+08:00] [INFO] [Thread-8-45] [org.springframework.scheduling.concurrent.ThreadPoolTaskExecutor] [] [] [] [ExecutorConfigurationSupport.java,208,org.springframework.scheduling.concurrent.ExecutorConfigurationSupport,shutdown] [Shutting down ExecutorService 'applicationTaskExecutor'] ## ''
[2021-05-30T19:58:17.108+08:00] [ERROR] [http-nio-8001-exec-5-40] [com.ccarlos.collector.web.IndexController] [DESKTOP-6MTN2DK] [172.23.126.1] [collector] [IndexController.java,54,com.ccarlos.collector.web.IndexController,err] [算术异常] ## ' java.lang.ArithmeticException: / by zero
	at com.ccarlos.collector.web.IndexController.err(IndexController.java:52)
	at sun.reflect.NativeMethodAccessorImpl.invoke0(Native Method)
	at sun.reflect.NativeMethodAccessorImpl.invoke(NativeMethodAccessorImpl.java:62)
	at sun.reflect.DelegatingMethodAccessorImpl.invoke(DelegatingMethodAccessorImpl.java:43)
	at java.lang.reflect.Method.invoke(Method.java:498)
	at org.springframework.web.method.support.InvocableHandlerMethod.doInvoke(InvocableHandlerMethod.java:190)
	at org.springframework.web.method.support.InvocableHandlerMethod.invokeForRequest(InvocableHandlerMethod.java:138)
	at org.springframework.web.servlet.mvc.method.annotation.ServletInvocableHandlerMethod.invokeAndHandle(ServletInvocableHandlerMethod.java:104)
	at org.springframework.web.servlet.mvc.method.annotation.RequestMappingHandlerAdapter.invokeHandlerMethod(RequestMappingHandlerAdapter.java:892)
	at org.springframework.web.servlet.mvc.method.annotation.RequestMappingHandlerAdapter.handleInternal(RequestMappingHandlerAdapter.java:797)
	at org.springframework.web.servlet.mvc.method.AbstractHandlerMethodAdapter.handle(AbstractHandlerMethodAdapter.java:87)
	at org.springframework.web.servlet.DispatcherServlet.doDispatch(DispatcherServlet.java:1039)
	at org.springframework.web.servlet.DispatcherServlet.doService(DispatcherServlet.java:942)
	at org.springframework.web.servlet.FrameworkServlet.processRequest(FrameworkServlet.java:1005)
	at org.springframework.web.servlet.FrameworkServlet.doGet(FrameworkServlet.java:897)
	at javax.servlet.http.HttpServlet.service(HttpServlet.java:634)
	at org.springframework.web.servlet.FrameworkServlet.service(FrameworkServlet.java:882)
	at javax.servlet.http.HttpServlet.service(HttpServlet.java:741)
	at org.apache.catalina.core.ApplicationFilterChain.internalDoFilter(ApplicationFilterChain.java:231)
	at org.apache.catalina.core.ApplicationFilterChain.doFilter(ApplicationFilterChain.java:166)
	at org.apache.tomcat.websocket.server.WsFilter.doFilter(WsFilter.java:53)
	at org.apache.catalina.core.ApplicationFilterChain.internalDoFilter(ApplicationFilterChain.java:193)
	at org.apache.catalina.core.ApplicationFilterChain.doFilter(ApplicationFilterChain.java:166)
	at org.springframework.web.filter.RequestContextFilter.doFilterInternal(RequestContextFilter.java:99)
	at org.springframework.web.filter.OncePerRequestFilter.doFilter(OncePerRequestFilter.java:107)
	at org.apache.catalina.core.ApplicationFilterChain.internalDoFilter(ApplicationFilterChain.java:193)
	at org.apache.catalina.core.ApplicationFilterChain.doFilter(ApplicationFilterChain.java:166)
	at org.springframework.web.filter.FormContentFilter.doFilterInternal(FormContentFilter.java:92)
	at org.springframework.web.filter.OncePerRequestFilter.doFilter(OncePerRequestFilter.java:107)
	at org.apache.catalina.core.ApplicationFilterChain.internalDoFilter(ApplicationFilterChain.java:193)
	at org.apache.catalina.core.ApplicationFilterChain.doFilter(ApplicationFilterChain.java:166)
	at org.springframework.web.filter.HiddenHttpMethodFilter.doFilterInternal(HiddenHttpMethodFilter.java:93)
	at org.springframework.web.filter.OncePerRequestFilter.doFilter(OncePerRequestFilter.java:107)
	at org.apache.catalina.core.ApplicationFilterChain.internalDoFilter(ApplicationFilterChain.java:193)
	at org.apache.catalina.core.ApplicationFilterChain.doFilter(ApplicationFilterChain.java:166)
	at org.springframework.web.filter.CharacterEncodingFilter.doFilterInternal(CharacterEncodingFilter.java:200)
	at org.springframework.web.filter.OncePerRequestFilter.doFilter(OncePerRequestFilter.java:107)
	at org.apache.catalina.core.ApplicationFilterChain.internalDoFilter(ApplicationFilterChain.java:193)
	at org.apache.catalina.core.ApplicationFilterChain.doFilter(ApplicationFilterChain.java:166)
	at org.apache.catalina.core.StandardWrapperValve.invoke(StandardWrapperValve.java:200)
	at org.apache.catalina.core.StandardContextValve.invoke(StandardContextValve.java:96)
	at org.apache.catalina.authenticator.AuthenticatorBase.invoke(AuthenticatorBase.java:490)
	at org.apache.catalina.core.StandardHostValve.invoke(StandardHostValve.java:139)
	at org.apache.catalina.valves.ErrorReportValve.invoke(ErrorReportValve.java:92)
	at org.apache.catalina.core.StandardEngineValve.invoke(StandardEngineValve.java:74)
	at org.apache.catalina.connector.CoyoteAdapter.service(CoyoteAdapter.java:343)
	at org.apache.coyote.http11.Http11Processor.service(Http11Processor.java:408)
	at org.apache.coyote.AbstractProcessorLight.process(AbstractProcessorLight.java:66)
	at org.apache.coyote.AbstractProtocol$ConnectionHandler.process(AbstractProtocol.java:836)
	at org.apache.tomcat.util.net.NioEndpoint$SocketProcessor.doRun(NioEndpoint.java:1747)
	at org.apache.tomcat.util.net.SocketProcessorBase.run(SocketProcessorBase.java:49)
	at java.util.concurrent.ThreadPoolExecutor.runWorker(ThreadPoolExecutor.java:1149)
	at java.util.concurrent.ThreadPoolExecutor$Worker.run(ThreadPoolExecutor.java:624)
	at org.apache.tomcat.util.threads.TaskThread$WrappingRunnable.run(TaskThread.java:61)
	at java.lang.Thread.run(Thread.java:748)
'
[2021-05-30T19:59:58.051+08:00] [ERROR] [http-nio-8001-exec-9-44] [com.ccarlos.collector.web.IndexController] [DESKTOP-6MTN2DK] [172.23.126.1] [collector] [IndexController.java,54,com.ccarlos.collector.web.IndexController,err] [算术异常] ## ' java.lang.ArithmeticException: / by zero
	at com.ccarlos.collector.web.IndexController.err(IndexController.java:52)
	at sun.reflect.NativeMethodAccessorImpl.invoke0(Native Method)
	at sun.reflect.NativeMethodAccessorImpl.invoke(NativeMethodAccessorImpl.java:62)
	at sun.reflect.DelegatingMethodAccessorImpl.invoke(DelegatingMethodAccessorImpl.java:43)
	at java.lang.reflect.Method.invoke(Method.java:498)
	at org.springframework.web.method.support.InvocableHandlerMethod.doInvoke(InvocableHandlerMethod.java:190)
	at org.springframework.web.method.support.InvocableHandlerMethod.invokeForRequest(InvocableHandlerMethod.java:138)
	at org.springframework.web.servlet.mvc.method.annotation.ServletInvocableHandlerMethod.invokeAndHandle(ServletInvocableHandlerMethod.java:104)
	at org.springframework.web.servlet.mvc.method.annotation.RequestMappingHandlerAdapter.invokeHandlerMethod(RequestMappingHandlerAdapter.java:892)
	at org.springframework.web.servlet.mvc.method.annotation.RequestMappingHandlerAdapter.handleInternal(RequestMappingHandlerAdapter.java:797)
	at org.springframework.web.servlet.mvc.method.AbstractHandlerMethodAdapter.handle(AbstractHandlerMethodAdapter.java:87)
	at org.springframework.web.servlet.DispatcherServlet.doDispatch(DispatcherServlet.java:1039)
	at org.springframework.web.servlet.DispatcherServlet.doService(DispatcherServlet.java:942)
	at org.springframework.web.servlet.FrameworkServlet.processRequest(FrameworkServlet.java:1005)
	at org.springframework.web.servlet.FrameworkServlet.doGet(FrameworkServlet.java:897)
	at javax.servlet.http.HttpServlet.service(HttpServlet.java:634)
	at org.springframework.web.servlet.FrameworkServlet.service(FrameworkServlet.java:882)
	at javax.servlet.http.HttpServlet.service(HttpServlet.java:741)
	at org.apache.catalina.core.ApplicationFilterChain.internalDoFilter(ApplicationFilterChain.java:231)
	at org.apache.catalina.core.ApplicationFilterChain.doFilter(ApplicationFilterChain.java:166)
	at org.apache.tomcat.websocket.server.WsFilter.doFilter(WsFilter.java:53)
	at org.apache.catalina.core.ApplicationFilterChain.internalDoFilter(ApplicationFilterChain.java:193)
	at org.apache.catalina.core.ApplicationFilterChain.doFilter(ApplicationFilterChain.java:166)
	at org.springframework.web.filter.RequestContextFilter.doFilterInternal(RequestContextFilter.java:99)
	at org.springframework.web.filter.OncePerRequestFilter.doFilter(OncePerRequestFilter.java:107)
	at org.apache.catalina.core.ApplicationFilterChain.internalDoFilter(ApplicationFilterChain.java:193)
	at org.apache.catalina.core.ApplicationFilterChain.doFilter(ApplicationFilterChain.java:166)
	at org.springframework.web.filter.FormContentFilter.doFilterInternal(FormContentFilter.java:92)
	at org.springframework.web.filter.OncePerRequestFilter.doFilter(OncePerRequestFilter.java:107)
	at org.apache.catalina.core.ApplicationFilterChain.internalDoFilter(ApplicationFilterChain.java:193)
	at org.apache.catalina.core.ApplicationFilterChain.doFilter(ApplicationFilterChain.java:166)
	at org.springframework.web.filter.HiddenHttpMethodFilter.doFilterInternal(HiddenHttpMethodFilter.java:93)
	at org.springframework.web.filter.OncePerRequestFilter.doFilter(OncePerRequestFilter.java:107)
	at org.apache.catalina.core.ApplicationFilterChain.internalDoFilter(ApplicationFilterChain.java:193)
	at org.apache.catalina.core.ApplicationFilterChain.doFilter(ApplicationFilterChain.java:166)
	at org.springframework.web.filter.CharacterEncodingFilter.doFilterInternal(CharacterEncodingFilter.java:200)
	at org.springframework.web.filter.OncePerRequestFilter.doFilter(OncePerRequestFilter.java:107)
	at org.apache.catalina.core.ApplicationFilterChain.internalDoFilter(ApplicationFilterChain.java:193)
	at org.apache.catalina.core.ApplicationFilterChain.doFilter(ApplicationFilterChain.java:166)
	at org.apache.catalina.core.StandardWrapperValve.invoke(StandardWrapperValve.java:200)
	at org.apache.catalina.core.StandardContextValve.invoke(StandardContextValve.java:96)
	at org.apache.catalina.authenticator.AuthenticatorBase.invoke(AuthenticatorBase.java:490)
	at org.apache.catalina.core.StandardHostValve.invoke(StandardHostValve.java:139)
	at org.apache.catalina.valves.ErrorReportValve.invoke(ErrorReportValve.java:92)
	at org.apache.catalina.core.StandardEngineValve.invoke(StandardEngineValve.java:74)
	at org.apache.catalina.connector.CoyoteAdapter.service(CoyoteAdapter.java:343)
	at org.apache.coyote.http11.Http11Processor.service(Http11Processor.java:408)
	at org.apache.coyote.AbstractProcessorLight.process(AbstractProcessorLight.java:66)
	at org.apache.coyote.AbstractProtocol$ConnectionHandler.process(AbstractProtocol.java:836)
	at org.apache.tomcat.util.net.NioEndpoint$SocketProcessor.doRun(NioEndpoint.java:1747)
	at org.apache.tomcat.util.net.SocketProcessorBase.run(SocketProcessorBase.java:49)
	at java.util.concurrent.ThreadPoolExecutor.runWorker(ThreadPoolExecutor.java:1149)
	at java.util.concurrent.ThreadPoolExecutor$Worker.run(ThreadPoolExecutor.java:624)
	at org.apache.tomcat.util.threads.TaskThread$WrappingRunnable.run(TaskThread.java:61)
	at java.lang.Thread.run(Thread.java:748)
'
[2021-05-30T19:59:59.984+08:00] [ERROR] [http-nio-8001-exec-8-43] [com.ccarlos.collector.web.IndexController] [DESKTOP-6MTN2DK] [172.23.126.1] [collector] [IndexController.java,54,com.ccarlos.collector.web.IndexController,err] [算术异常] ## ' java.lang.ArithmeticException: / by zero
	at com.ccarlos.collector.web.IndexController.err(IndexController.java:52)
	at sun.reflect.NativeMethodAccessorImpl.invoke0(Native Method)
	at sun.reflect.NativeMethodAccessorImpl.invoke(NativeMethodAccessorImpl.java:62)
	at sun.reflect.DelegatingMethodAccessorImpl.invoke(DelegatingMethodAccessorImpl.java:43)
	at java.lang.reflect.Method.invoke(Method.java:498)
	at org.springframework.web.method.support.InvocableHandlerMethod.doInvoke(InvocableHandlerMethod.java:190)
	at org.springframework.web.method.support.InvocableHandlerMethod.invokeForRequest(InvocableHandlerMethod.java:138)
	at org.springframework.web.servlet.mvc.method.annotation.ServletInvocableHandlerMethod.invokeAndHandle(ServletInvocableHandlerMethod.java:104)
	at org.springframework.web.servlet.mvc.method.annotation.RequestMappingHandlerAdapter.invokeHandlerMethod(RequestMappingHandlerAdapter.java:892)
	at org.springframework.web.servlet.mvc.method.annotation.RequestMappingHandlerAdapter.handleInternal(RequestMappingHandlerAdapter.java:797)
	at org.springframework.web.servlet.mvc.method.AbstractHandlerMethodAdapter.handle(AbstractHandlerMethodAdapter.java:87)
	at org.springframework.web.servlet.DispatcherServlet.doDispatch(DispatcherServlet.java:1039)
	at org.springframework.web.servlet.DispatcherServlet.doService(DispatcherServlet.java:942)
	at org.springframework.web.servlet.FrameworkServlet.processRequest(FrameworkServlet.java:1005)
	at org.springframework.web.servlet.FrameworkServlet.doGet(FrameworkServlet.java:897)
	at javax.servlet.http.HttpServlet.service(HttpServlet.java:634)
	at org.springframework.web.servlet.FrameworkServlet.service(FrameworkServlet.java:882)
	at javax.servlet.http.HttpServlet.service(HttpServlet.java:741)
	at org.apache.catalina.core.ApplicationFilterChain.internalDoFilter(ApplicationFilterChain.java:231)
	at org.apache.catalina.core.ApplicationFilterChain.doFilter(ApplicationFilterChain.java:166)
	at org.apache.tomcat.websocket.server.WsFilter.doFilter(WsFilter.java:53)
	at org.apache.catalina.core.ApplicationFilterChain.internalDoFilter(ApplicationFilterChain.java:193)
	at org.apache.catalina.core.ApplicationFilterChain.doFilter(ApplicationFilterChain.java:166)
	at org.springframework.web.filter.RequestContextFilter.doFilterInternal(RequestContextFilter.java:99)
	at org.springframework.web.filter.OncePerRequestFilter.doFilter(OncePerRequestFilter.java:107)
	at org.apache.catalina.core.ApplicationFilterChain.internalDoFilter(ApplicationFilterChain.java:193)
	at org.apache.catalina.core.ApplicationFilterChain.doFilter(ApplicationFilterChain.java:166)
	at org.springframework.web.filter.FormContentFilter.doFilterInternal(FormContentFilter.java:92)
	at org.springframework.web.filter.OncePerRequestFilter.doFilter(OncePerRequestFilter.java:107)
	at org.apache.catalina.core.ApplicationFilterChain.internalDoFilter(ApplicationFilterChain.java:193)
	at org.apache.catalina.core.ApplicationFilterChain.doFilter(ApplicationFilterChain.java:166)
	at org.springframework.web.filter.HiddenHttpMethodFilter.doFilterInternal(HiddenHttpMethodFilter.java:93)
	at org.springframework.web.filter.OncePerRequestFilter.doFilter(OncePerRequestFilter.java:107)
	at org.apache.catalina.core.ApplicationFilterChain.internalDoFilter(ApplicationFilterChain.java:193)
	at org.apache.catalina.core.ApplicationFilterChain.doFilter(ApplicationFilterChain.java:166)
	at org.springframework.web.filter.CharacterEncodingFilter.doFilterInternal(CharacterEncodingFilter.java:200)
	at org.springframework.web.filter.OncePerRequestFilter.doFilter(OncePerRequestFilter.java:107)
	at org.apache.catalina.core.ApplicationFilterChain.internalDoFilter(ApplicationFilterChain.java:193)
	at org.apache.catalina.core.ApplicationFilterChain.doFilter(ApplicationFilterChain.java:166)
	at org.apache.catalina.core.StandardWrapperValve.invoke(StandardWrapperValve.java:200)
	at org.apache.catalina.core.StandardContextValve.invoke(StandardContextValve.java:96)
	at org.apache.catalina.authenticator.AuthenticatorBase.invoke(AuthenticatorBase.java:490)
	at org.apache.catalina.core.StandardHostValve.invoke(StandardHostValve.java:139)
	at org.apache.catalina.valves.ErrorReportValve.invoke(ErrorReportValve.java:92)
	at org.apache.catalina.core.StandardEngineValve.invoke(StandardEngineValve.java:74)
	at org.apache.catalina.connector.CoyoteAdapter.service(CoyoteAdapter.java:343)
	at org.apache.coyote.http11.Http11Processor.service(Http11Processor.java:408)
	at org.apache.coyote.AbstractProcessorLight.process(AbstractProcessorLight.java:66)
	at org.apache.coyote.AbstractProtocol$ConnectionHandler.process(AbstractProtocol.java:836)
	at org.apache.tomcat.util.net.NioEndpoint$SocketProcessor.doRun(NioEndpoint.java:1747)
	at org.apache.tomcat.util.net.SocketProcessorBase.run(SocketProcessorBase.java:49)
	at java.util.concurrent.ThreadPoolExecutor.runWorker(ThreadPoolExecutor.java:1149)
	at java.util.concurrent.ThreadPoolExecutor$Worker.run(ThreadPoolExecutor.java:624)
	at org.apache.tomcat.util.threads.TaskThread$WrappingRunnable.run(TaskThread.java:61)
	at java.lang.Thread.run(Thread.java:748)
'
[2021-05-30T20:00:17.085+08:00] [ERROR] [http-nio-8001-exec-10-45] [com.ccarlos.collector.web.IndexController] [DESKTOP-6MTN2DK] [172.23.126.1] [collector] [IndexController.java,54,com.ccarlos.collector.web.IndexController,err] [算术异常] ## ' java.lang.ArithmeticException: / by zero
	at com.ccarlos.collector.web.IndexController.err(IndexController.java:52)
	at sun.reflect.NativeMethodAccessorImpl.invoke0(Native Method)
	at sun.reflect.NativeMethodAccessorImpl.invoke(NativeMethodAccessorImpl.java:62)
	at sun.reflect.DelegatingMethodAccessorImpl.invoke(DelegatingMethodAccessorImpl.java:43)
	at java.lang.reflect.Method.invoke(Method.java:498)
	at org.springframework.web.method.support.InvocableHandlerMethod.doInvoke(InvocableHandlerMethod.java:190)
	at org.springframework.web.method.support.InvocableHandlerMethod.invokeForRequest(InvocableHandlerMethod.java:138)
	at org.springframework.web.servlet.mvc.method.annotation.ServletInvocableHandlerMethod.invokeAndHandle(ServletInvocableHandlerMethod.java:104)
	at org.springframework.web.servlet.mvc.method.annotation.RequestMappingHandlerAdapter.invokeHandlerMethod(RequestMappingHandlerAdapter.java:892)
	at org.springframework.web.servlet.mvc.method.annotation.RequestMappingHandlerAdapter.handleInternal(RequestMappingHandlerAdapter.java:797)
	at org.springframework.web.servlet.mvc.method.AbstractHandlerMethodAdapter.handle(AbstractHandlerMethodAdapter.java:87)
	at org.springframework.web.servlet.DispatcherServlet.doDispatch(DispatcherServlet.java:1039)
	at org.springframework.web.servlet.DispatcherServlet.doService(DispatcherServlet.java:942)
	at org.springframework.web.servlet.FrameworkServlet.processRequest(FrameworkServlet.java:1005)
	at org.springframework.web.servlet.FrameworkServlet.doGet(FrameworkServlet.java:897)
	at javax.servlet.http.HttpServlet.service(HttpServlet.java:634)
	at org.springframework.web.servlet.FrameworkServlet.service(FrameworkServlet.java:882)
	at javax.servlet.http.HttpServlet.service(HttpServlet.java:741)
	at org.apache.catalina.core.ApplicationFilterChain.internalDoFilter(ApplicationFilterChain.java:231)
	at org.apache.catalina.core.ApplicationFilterChain.doFilter(ApplicationFilterChain.java:166)
	at org.apache.tomcat.websocket.server.WsFilter.doFilter(WsFilter.java:53)
	at org.apache.catalina.core.ApplicationFilterChain.internalDoFilter(ApplicationFilterChain.java:193)
	at org.apache.catalina.core.ApplicationFilterChain.doFilter(ApplicationFilterChain.java:166)
	at org.springframework.web.filter.RequestContextFilter.doFilterInternal(RequestContextFilter.java:99)
	at org.springframework.web.filter.OncePerRequestFilter.doFilter(OncePerRequestFilter.java:107)
	at org.apache.catalina.core.ApplicationFilterChain.internalDoFilter(ApplicationFilterChain.java:193)
	at org.apache.catalina.core.ApplicationFilterChain.doFilter(ApplicationFilterChain.java:166)
	at org.springframework.web.filter.FormContentFilter.doFilterInternal(FormContentFilter.java:92)
	at org.springframework.web.filter.OncePerRequestFilter.doFilter(OncePerRequestFilter.java:107)
	at org.apache.catalina.core.ApplicationFilterChain.internalDoFilter(ApplicationFilterChain.java:193)
	at org.apache.catalina.core.ApplicationFilterChain.doFilter(ApplicationFilterChain.java:166)
	at org.springframework.web.filter.HiddenHttpMethodFilter.doFilterInternal(HiddenHttpMethodFilter.java:93)
	at org.springframework.web.filter.OncePerRequestFilter.doFilter(OncePerRequestFilter.java:107)
	at org.apache.catalina.core.ApplicationFilterChain.internalDoFilter(ApplicationFilterChain.java:193)
	at org.apache.catalina.core.ApplicationFilterChain.doFilter(ApplicationFilterChain.java:166)
	at org.springframework.web.filter.CharacterEncodingFilter.doFilterInternal(CharacterEncodingFilter.java:200)
	at org.springframework.web.filter.OncePerRequestFilter.doFilter(OncePerRequestFilter.java:107)
	at org.apache.catalina.core.ApplicationFilterChain.internalDoFilter(ApplicationFilterChain.java:193)
	at org.apache.catalina.core.ApplicationFilterChain.doFilter(ApplicationFilterChain.java:166)
	at org.apache.catalina.core.StandardWrapperValve.invoke(StandardWrapperValve.java:200)
	at org.apache.catalina.core.StandardContextValve.invoke(StandardContextValve.java:96)
	at org.apache.catalina.authenticator.AuthenticatorBase.invoke(AuthenticatorBase.java:490)
	at org.apache.catalina.core.StandardHostValve.invoke(StandardHostValve.java:139)
	at org.apache.catalina.valves.ErrorReportValve.invoke(ErrorReportValve.java:92)
	at org.apache.catalina.core.StandardEngineValve.invoke(StandardEngineValve.java:74)
	at org.apache.catalina.connector.CoyoteAdapter.service(CoyoteAdapter.java:343)
	at org.apache.coyote.http11.Http11Processor.service(Http11Processor.java:408)
	at org.apache.coyote.AbstractProcessorLight.process(AbstractProcessorLight.java:66)
	at org.apache.coyote.AbstractProtocol$ConnectionHandler.process(AbstractProtocol.java:836)
	at org.apache.tomcat.util.net.NioEndpoint$SocketProcessor.doRun(NioEndpoint.java:1747)
	at org.apache.tomcat.util.net.SocketProcessorBase.run(SocketProcessorBase.java:49)
	at java.util.concurrent.ThreadPoolExecutor.runWorker(ThreadPoolExecutor.java:1149)
	at java.util.concurrent.ThreadPoolExecutor$Worker.run(ThreadPoolExecutor.java:624)
	at org.apache.tomcat.util.threads.TaskThread$WrappingRunnable.run(TaskThread.java:61)
	at java.lang.Thread.run(Thread.java:748)
'
[2021-05-30T20:00:18.019+08:00] [ERROR] [http-nio-8001-exec-1-36] [com.ccarlos.collector.web.IndexController] [DESKTOP-6MTN2DK] [172.23.126.1] [collector] [IndexController.java,54,com.ccarlos.collector.web.IndexController,err] [算术异常] ## ' java.lang.ArithmeticException: / by zero
	at com.ccarlos.collector.web.IndexController.err(IndexController.java:52)
	at sun.reflect.NativeMethodAccessorImpl.invoke0(Native Method)
	at sun.reflect.NativeMethodAccessorImpl.invoke(NativeMethodAccessorImpl.java:62)
	at sun.reflect.DelegatingMethodAccessorImpl.invoke(DelegatingMethodAccessorImpl.java:43)
	at java.lang.reflect.Method.invoke(Method.java:498)
	at org.springframework.web.method.support.InvocableHandlerMethod.doInvoke(InvocableHandlerMethod.java:190)
	at org.springframework.web.method.support.InvocableHandlerMethod.invokeForRequest(InvocableHandlerMethod.java:138)
	at org.springframework.web.servlet.mvc.method.annotation.ServletInvocableHandlerMethod.invokeAndHandle(ServletInvocableHandlerMethod.java:104)
	at org.springframework.web.servlet.mvc.method.annotation.RequestMappingHandlerAdapter.invokeHandlerMethod(RequestMappingHandlerAdapter.java:892)
	at org.springframework.web.servlet.mvc.method.annotation.RequestMappingHandlerAdapter.handleInternal(RequestMappingHandlerAdapter.java:797)
	at org.springframework.web.servlet.mvc.method.AbstractHandlerMethodAdapter.handle(AbstractHandlerMethodAdapter.java:87)
	at org.springframework.web.servlet.DispatcherServlet.doDispatch(DispatcherServlet.java:1039)
	at org.springframework.web.servlet.DispatcherServlet.doService(DispatcherServlet.java:942)
	at org.springframework.web.servlet.FrameworkServlet.processRequest(FrameworkServlet.java:1005)
	at org.springframework.web.servlet.FrameworkServlet.doGet(FrameworkServlet.java:897)
	at javax.servlet.http.HttpServlet.service(HttpServlet.java:634)
	at org.springframework.web.servlet.FrameworkServlet.service(FrameworkServlet.java:882)
	at javax.servlet.http.HttpServlet.service(HttpServlet.java:741)
	at org.apache.catalina.core.ApplicationFilterChain.internalDoFilter(ApplicationFilterChain.java:231)
	at org.apache.catalina.core.ApplicationFilterChain.doFilter(ApplicationFilterChain.java:166)
	at org.apache.tomcat.websocket.server.WsFilter.doFilter(WsFilter.java:53)
	at org.apache.catalina.core.ApplicationFilterChain.internalDoFilter(ApplicationFilterChain.java:193)
	at org.apache.catalina.core.ApplicationFilterChain.doFilter(ApplicationFilterChain.java:166)
	at org.springframework.web.filter.RequestContextFilter.doFilterInternal(RequestContextFilter.java:99)
	at org.springframework.web.filter.OncePerRequestFilter.doFilter(OncePerRequestFilter.java:107)
	at org.apache.catalina.core.ApplicationFilterChain.internalDoFilter(ApplicationFilterChain.java:193)
	at org.apache.catalina.core.ApplicationFilterChain.doFilter(ApplicationFilterChain.java:166)
	at org.springframework.web.filter.FormContentFilter.doFilterInternal(FormContentFilter.java:92)
	at org.springframework.web.filter.OncePerRequestFilter.doFilter(OncePerRequestFilter.java:107)
	at org.apache.catalina.core.ApplicationFilterChain.internalDoFilter(ApplicationFilterChain.java:193)
	at org.apache.catalina.core.ApplicationFilterChain.doFilter(ApplicationFilterChain.java:166)
	at org.springframework.web.filter.HiddenHttpMethodFilter.doFilterInternal(HiddenHttpMethodFilter.java:93)
	at org.springframework.web.filter.OncePerRequestFilter.doFilter(OncePerRequestFilter.java:107)
	at org.apache.catalina.core.ApplicationFilterChain.internalDoFilter(ApplicationFilterChain.java:193)
	at org.apache.catalina.core.ApplicationFilterChain.doFilter(ApplicationFilterChain.java:166)
	at org.springframework.web.filter.CharacterEncodingFilter.doFilterInternal(CharacterEncodingFilter.java:200)
	at org.springframework.web.filter.OncePerRequestFilter.doFilter(OncePerRequestFilter.java:107)
	at org.apache.catalina.core.ApplicationFilterChain.internalDoFilter(ApplicationFilterChain.java:193)
	at org.apache.catalina.core.ApplicationFilterChain.doFilter(ApplicationFilterChain.java:166)
	at org.apache.catalina.core.StandardWrapperValve.invoke(StandardWrapperValve.java:200)
	at org.apache.catalina.core.StandardContextValve.invoke(StandardContextValve.java:96)
	at org.apache.catalina.authenticator.AuthenticatorBase.invoke(AuthenticatorBase.java:490)
	at org.apache.catalina.core.StandardHostValve.invoke(StandardHostValve.java:139)
	at org.apache.catalina.valves.ErrorReportValve.invoke(ErrorReportValve.java:92)
	at org.apache.catalina.core.StandardEngineValve.invoke(StandardEngineValve.java:74)
	at org.apache.catalina.connector.CoyoteAdapter.service(CoyoteAdapter.java:343)
	at org.apache.coyote.http11.Http11Processor.service(Http11Processor.java:408)
	at org.apache.coyote.AbstractProcessorLight.process(AbstractProcessorLight.java:66)
	at org.apache.coyote.AbstractProtocol$ConnectionHandler.process(AbstractProtocol.java:836)
	at org.apache.tomcat.util.net.NioEndpoint$SocketProcessor.doRun(NioEndpoint.java:1747)
	at org.apache.tomcat.util.net.SocketProcessorBase.run(SocketProcessorBase.java:49)
	at java.util.concurrent.ThreadPoolExecutor.runWorker(ThreadPoolExecutor.java:1149)
	at java.util.concurrent.ThreadPoolExecutor$Worker.run(ThreadPoolExecutor.java:624)
	at org.apache.tomcat.util.threads.TaskThread$WrappingRunnable.run(TaskThread.java:61)
	at java.lang.Thread.run(Thread.java:748)
'
[2021-05-30T21:38:14.238+08:00] [ERROR] [http-nio-8001-exec-5-40] [com.ccarlos.collector.web.IndexController] [DESKTOP-6MTN2DK] [172.23.126.1] [collector] [IndexController.java,56,com.ccarlos.collector.web.IndexController,err] [算术异常] ## ' java.lang.ArithmeticException: / by zero
	at com.ccarlos.collector.web.IndexController.err(IndexController.java:54)
	at sun.reflect.NativeMethodAccessorImpl.invoke0(Native Method)
	at sun.reflect.NativeMethodAccessorImpl.invoke(NativeMethodAccessorImpl.java:62)
	at sun.reflect.DelegatingMethodAccessorImpl.invoke(DelegatingMethodAccessorImpl.java:43)
	at java.lang.reflect.Method.invoke(Method.java:498)
	at org.springframework.web.method.support.InvocableHandlerMethod.doInvoke(InvocableHandlerMethod.java:190)
	at org.springframework.web.method.support.InvocableHandlerMethod.invokeForRequest(InvocableHandlerMethod.java:138)
	at org.springframework.web.servlet.mvc.method.annotation.ServletInvocableHandlerMethod.invokeAndHandle(ServletInvocableHandlerMethod.java:104)
	at org.springframework.web.servlet.mvc.method.annotation.RequestMappingHandlerAdapter.invokeHandlerMethod(RequestMappingHandlerAdapter.java:892)
	at org.springframework.web.servlet.mvc.method.annotation.RequestMappingHandlerAdapter.handleInternal(RequestMappingHandlerAdapter.java:797)
	at org.springframework.web.servlet.mvc.method.AbstractHandlerMethodAdapter.handle(AbstractHandlerMethodAdapter.java:87)
	at org.springframework.web.servlet.DispatcherServlet.doDispatch(DispatcherServlet.java:1039)
	at org.springframework.web.servlet.DispatcherServlet.doService(DispatcherServlet.java:942)
	at org.springframework.web.servlet.FrameworkServlet.processRequest(FrameworkServlet.java:1005)
	at org.springframework.web.servlet.FrameworkServlet.doGet(FrameworkServlet.java:897)
	at javax.servlet.http.HttpServlet.service(HttpServlet.java:634)
	at org.springframework.web.servlet.FrameworkServlet.service(FrameworkServlet.java:882)
	at javax.servlet.http.HttpServlet.service(HttpServlet.java:741)
	at org.apache.catalina.core.ApplicationFilterChain.internalDoFilter(ApplicationFilterChain.java:231)
	at org.apache.catalina.core.ApplicationFilterChain.doFilter(ApplicationFilterChain.java:166)
	at org.apache.tomcat.websocket.server.WsFilter.doFilter(WsFilter.java:53)
	at org.apache.catalina.core.ApplicationFilterChain.internalDoFilter(ApplicationFilterChain.java:193)
	at org.apache.catalina.core.ApplicationFilterChain.doFilter(ApplicationFilterChain.java:166)
	at org.springframework.web.filter.RequestContextFilter.doFilterInternal(RequestContextFilter.java:99)
	at org.springframework.web.filter.OncePerRequestFilter.doFilter(OncePerRequestFilter.java:107)
	at org.apache.catalina.core.ApplicationFilterChain.internalDoFilter(ApplicationFilterChain.java:193)
	at org.apache.catalina.core.ApplicationFilterChain.doFilter(ApplicationFilterChain.java:166)
	at org.springframework.web.filter.FormContentFilter.doFilterInternal(FormContentFilter.java:92)
	at org.springframework.web.filter.OncePerRequestFilter.doFilter(OncePerRequestFilter.java:107)
	at org.apache.catalina.core.ApplicationFilterChain.internalDoFilter(ApplicationFilterChain.java:193)
	at org.apache.catalina.core.ApplicationFilterChain.doFilter(ApplicationFilterChain.java:166)
	at org.springframework.web.filter.HiddenHttpMethodFilter.doFilterInternal(HiddenHttpMethodFilter.java:93)
	at org.springframework.web.filter.OncePerRequestFilter.doFilter(OncePerRequestFilter.java:107)
	at org.apache.catalina.core.ApplicationFilterChain.internalDoFilter(ApplicationFilterChain.java:193)
	at org.apache.catalina.core.ApplicationFilterChain.doFilter(ApplicationFilterChain.java:166)
	at org.springframework.web.filter.CharacterEncodingFilter.doFilterInternal(CharacterEncodingFilter.java:200)
	at org.springframework.web.filter.OncePerRequestFilter.doFilter(OncePerRequestFilter.java:107)
	at org.apache.catalina.core.ApplicationFilterChain.internalDoFilter(ApplicationFilterChain.java:193)
	at org.apache.catalina.core.ApplicationFilterChain.doFilter(ApplicationFilterChain.java:166)
	at org.apache.catalina.core.StandardWrapperValve.invoke(StandardWrapperValve.java:200)
	at org.apache.catalina.core.StandardContextValve.invoke(StandardContextValve.java:96)
	at org.apache.catalina.authenticator.AuthenticatorBase.invoke(AuthenticatorBase.java:490)
	at org.apache.catalina.core.StandardHostValve.invoke(StandardHostValve.java:139)
	at org.apache.catalina.valves.ErrorReportValve.invoke(ErrorReportValve.java:92)
	at org.apache.catalina.core.StandardEngineValve.invoke(StandardEngineValve.java:74)
	at org.apache.catalina.connector.CoyoteAdapter.service(CoyoteAdapter.java:343)
	at org.apache.coyote.http11.Http11Processor.service(Http11Processor.java:408)
	at org.apache.coyote.AbstractProcessorLight.process(AbstractProcessorLight.java:66)
	at org.apache.coyote.AbstractProtocol$ConnectionHandler.process(AbstractProtocol.java:836)
	at org.apache.tomcat.util.net.NioEndpoint$SocketProcessor.doRun(NioEndpoint.java:1747)
	at org.apache.tomcat.util.net.SocketProcessorBase.run(SocketProcessorBase.java:49)
	at java.util.concurrent.ThreadPoolExecutor.runWorker(ThreadPoolExecutor.java:1149)
	at java.util.concurrent.ThreadPoolExecutor$Worker.run(ThreadPoolExecutor.java:624)
	at org.apache.tomcat.util.threads.TaskThread$WrappingRunnable.run(TaskThread.java:61)
	at java.lang.Thread.run(Thread.java:748)
'
[2021-05-30T21:38:15.020+08:00] [ERROR] [http-nio-8001-exec-6-41] [com.ccarlos.collector.web.IndexController] [DESKTOP-6MTN2DK] [172.23.126.1] [collector] [IndexController.java,56,com.ccarlos.collector.web.IndexController,err] [算术异常] ## ' java.lang.ArithmeticException: / by zero
	at com.ccarlos.collector.web.IndexController.err(IndexController.java:54)
	at sun.reflect.NativeMethodAccessorImpl.invoke0(Native Method)
	at sun.reflect.NativeMethodAccessorImpl.invoke(NativeMethodAccessorImpl.java:62)
	at sun.reflect.DelegatingMethodAccessorImpl.invoke(DelegatingMethodAccessorImpl.java:43)
	at java.lang.reflect.Method.invoke(Method.java:498)
	at org.springframework.web.method.support.InvocableHandlerMethod.doInvoke(InvocableHandlerMethod.java:190)
	at org.springframework.web.method.support.InvocableHandlerMethod.invokeForRequest(InvocableHandlerMethod.java:138)
	at org.springframework.web.servlet.mvc.method.annotation.ServletInvocableHandlerMethod.invokeAndHandle(ServletInvocableHandlerMethod.java:104)
	at org.springframework.web.servlet.mvc.method.annotation.RequestMappingHandlerAdapter.invokeHandlerMethod(RequestMappingHandlerAdapter.java:892)
	at org.springframework.web.servlet.mvc.method.annotation.RequestMappingHandlerAdapter.handleInternal(RequestMappingHandlerAdapter.java:797)
	at org.springframework.web.servlet.mvc.method.AbstractHandlerMethodAdapter.handle(AbstractHandlerMethodAdapter.java:87)
	at org.springframework.web.servlet.DispatcherServlet.doDispatch(DispatcherServlet.java:1039)
	at org.springframework.web.servlet.DispatcherServlet.doService(DispatcherServlet.java:942)
	at org.springframework.web.servlet.FrameworkServlet.processRequest(FrameworkServlet.java:1005)
	at org.springframework.web.servlet.FrameworkServlet.doGet(FrameworkServlet.java:897)
	at javax.servlet.http.HttpServlet.service(HttpServlet.java:634)
	at org.springframework.web.servlet.FrameworkServlet.service(FrameworkServlet.java:882)
	at javax.servlet.http.HttpServlet.service(HttpServlet.java:741)
	at org.apache.catalina.core.ApplicationFilterChain.internalDoFilter(ApplicationFilterChain.java:231)
	at org.apache.catalina.core.ApplicationFilterChain.doFilter(ApplicationFilterChain.java:166)
	at org.apache.tomcat.websocket.server.WsFilter.doFilter(WsFilter.java:53)
	at org.apache.catalina.core.ApplicationFilterChain.internalDoFilter(ApplicationFilterChain.java:193)
	at org.apache.catalina.core.ApplicationFilterChain.doFilter(ApplicationFilterChain.java:166)
	at org.springframework.web.filter.RequestContextFilter.doFilterInternal(RequestContextFilter.java:99)
	at org.springframework.web.filter.OncePerRequestFilter.doFilter(OncePerRequestFilter.java:107)
	at org.apache.catalina.core.ApplicationFilterChain.internalDoFilter(ApplicationFilterChain.java:193)
	at org.apache.catalina.core.ApplicationFilterChain.doFilter(ApplicationFilterChain.java:166)
	at org.springframework.web.filter.FormContentFilter.doFilterInternal(FormContentFilter.java:92)
	at org.springframework.web.filter.OncePerRequestFilter.doFilter(OncePerRequestFilter.java:107)
	at org.apache.catalina.core.ApplicationFilterChain.internalDoFilter(ApplicationFilterChain.java:193)
	at org.apache.catalina.core.ApplicationFilterChain.doFilter(ApplicationFilterChain.java:166)
	at org.springframework.web.filter.HiddenHttpMethodFilter.doFilterInternal(HiddenHttpMethodFilter.java:93)
	at org.springframework.web.filter.OncePerRequestFilter.doFilter(OncePerRequestFilter.java:107)
	at org.apache.catalina.core.ApplicationFilterChain.internalDoFilter(ApplicationFilterChain.java:193)
	at org.apache.catalina.core.ApplicationFilterChain.doFilter(ApplicationFilterChain.java:166)
	at org.springframework.web.filter.CharacterEncodingFilter.doFilterInternal(CharacterEncodingFilter.java:200)
	at org.springframework.web.filter.OncePerRequestFilter.doFilter(OncePerRequestFilter.java:107)
	at org.apache.catalina.core.ApplicationFilterChain.internalDoFilter(ApplicationFilterChain.java:193)
	at org.apache.catalina.core.ApplicationFilterChain.doFilter(ApplicationFilterChain.java:166)
	at org.apache.catalina.core.StandardWrapperValve.invoke(StandardWrapperValve.java:200)
	at org.apache.catalina.core.StandardContextValve.invoke(StandardContextValve.java:96)
	at org.apache.catalina.authenticator.AuthenticatorBase.invoke(AuthenticatorBase.java:490)
	at org.apache.catalina.core.StandardHostValve.invoke(StandardHostValve.java:139)
	at org.apache.catalina.valves.ErrorReportValve.invoke(ErrorReportValve.java:92)
	at org.apache.catalina.core.StandardEngineValve.invoke(StandardEngineValve.java:74)
	at org.apache.catalina.connector.CoyoteAdapter.service(CoyoteAdapter.java:343)
	at org.apache.coyote.http11.Http11Processor.service(Http11Processor.java:408)
	at org.apache.coyote.AbstractProcessorLight.process(AbstractProcessorLight.java:66)
	at org.apache.coyote.AbstractProtocol$ConnectionHandler.process(AbstractProtocol.java:836)
	at org.apache.tomcat.util.net.NioEndpoint$SocketProcessor.doRun(NioEndpoint.java:1747)
	at org.apache.tomcat.util.net.SocketProcessorBase.run(SocketProcessorBase.java:49)
	at java.util.concurrent.ThreadPoolExecutor.runWorker(ThreadPoolExecutor.java:1149)
	at java.util.concurrent.ThreadPoolExecutor$Worker.run(ThreadPoolExecutor.java:624)
	at org.apache.tomcat.util.threads.TaskThread$WrappingRunnable.run(TaskThread.java:61)
	at java.lang.Thread.run(Thread.java:748)
'
[2021-05-30T21:38:22.519+08:00] [ERROR] [http-nio-8001-exec-8-43] [com.ccarlos.collector.web.IndexController] [DESKTOP-6MTN2DK] [172.23.126.1] [collector] [IndexController.java,56,com.ccarlos.collector.web.IndexController,err] [算术异常] ## ' java.lang.ArithmeticException: / by zero
	at com.ccarlos.collector.web.IndexController.err(IndexController.java:54)
	at sun.reflect.NativeMethodAccessorImpl.invoke0(Native Method)
	at sun.reflect.NativeMethodAccessorImpl.invoke(NativeMethodAccessorImpl.java:62)
	at sun.reflect.DelegatingMethodAccessorImpl.invoke(DelegatingMethodAccessorImpl.java:43)
	at java.lang.reflect.Method.invoke(Method.java:498)
	at org.springframework.web.method.support.InvocableHandlerMethod.doInvoke(InvocableHandlerMethod.java:190)
	at org.springframework.web.method.support.InvocableHandlerMethod.invokeForRequest(InvocableHandlerMethod.java:138)
	at org.springframework.web.servlet.mvc.method.annotation.ServletInvocableHandlerMethod.invokeAndHandle(ServletInvocableHandlerMethod.java:104)
	at org.springframework.web.servlet.mvc.method.annotation.RequestMappingHandlerAdapter.invokeHandlerMethod(RequestMappingHandlerAdapter.java:892)
	at org.springframework.web.servlet.mvc.method.annotation.RequestMappingHandlerAdapter.handleInternal(RequestMappingHandlerAdapter.java:797)
	at org.springframework.web.servlet.mvc.method.AbstractHandlerMethodAdapter.handle(AbstractHandlerMethodAdapter.java:87)
	at org.springframework.web.servlet.DispatcherServlet.doDispatch(DispatcherServlet.java:1039)
	at org.springframework.web.servlet.DispatcherServlet.doService(DispatcherServlet.java:942)
	at org.springframework.web.servlet.FrameworkServlet.processRequest(FrameworkServlet.java:1005)
	at org.springframework.web.servlet.FrameworkServlet.doGet(FrameworkServlet.java:897)
	at javax.servlet.http.HttpServlet.service(HttpServlet.java:634)
	at org.springframework.web.servlet.FrameworkServlet.service(FrameworkServlet.java:882)
	at javax.servlet.http.HttpServlet.service(HttpServlet.java:741)
	at org.apache.catalina.core.ApplicationFilterChain.internalDoFilter(ApplicationFilterChain.java:231)
	at org.apache.catalina.core.ApplicationFilterChain.doFilter(ApplicationFilterChain.java:166)
	at org.apache.tomcat.websocket.server.WsFilter.doFilter(WsFilter.java:53)
	at org.apache.catalina.core.ApplicationFilterChain.internalDoFilter(ApplicationFilterChain.java:193)
	at org.apache.catalina.core.ApplicationFilterChain.doFilter(ApplicationFilterChain.java:166)
	at org.springframework.web.filter.RequestContextFilter.doFilterInternal(RequestContextFilter.java:99)
	at org.springframework.web.filter.OncePerRequestFilter.doFilter(OncePerRequestFilter.java:107)
	at org.apache.catalina.core.ApplicationFilterChain.internalDoFilter(ApplicationFilterChain.java:193)
	at org.apache.catalina.core.ApplicationFilterChain.doFilter(ApplicationFilterChain.java:166)
	at org.springframework.web.filter.FormContentFilter.doFilterInternal(FormContentFilter.java:92)
	at org.springframework.web.filter.OncePerRequestFilter.doFilter(OncePerRequestFilter.java:107)
	at org.apache.catalina.core.ApplicationFilterChain.internalDoFilter(ApplicationFilterChain.java:193)
	at org.apache.catalina.core.ApplicationFilterChain.doFilter(ApplicationFilterChain.java:166)
	at org.springframework.web.filter.HiddenHttpMethodFilter.doFilterInternal(HiddenHttpMethodFilter.java:93)
	at org.springframework.web.filter.OncePerRequestFilter.doFilter(OncePerRequestFilter.java:107)
	at org.apache.catalina.core.ApplicationFilterChain.internalDoFilter(ApplicationFilterChain.java:193)
	at org.apache.catalina.core.ApplicationFilterChain.doFilter(ApplicationFilterChain.java:166)
	at org.springframework.web.filter.CharacterEncodingFilter.doFilterInternal(CharacterEncodingFilter.java:200)
	at org.springframework.web.filter.OncePerRequestFilter.doFilter(OncePerRequestFilter.java:107)
	at org.apache.catalina.core.ApplicationFilterChain.internalDoFilter(ApplicationFilterChain.java:193)
	at org.apache.catalina.core.ApplicationFilterChain.doFilter(ApplicationFilterChain.java:166)
	at org.apache.catalina.core.StandardWrapperValve.invoke(StandardWrapperValve.java:200)
	at org.apache.catalina.core.StandardContextValve.invoke(StandardContextValve.java:96)
	at org.apache.catalina.authenticator.AuthenticatorBase.invoke(AuthenticatorBase.java:490)
	at org.apache.catalina.core.StandardHostValve.invoke(StandardHostValve.java:139)
	at org.apache.catalina.valves.ErrorReportValve.invoke(ErrorReportValve.java:92)
	at org.apache.catalina.core.StandardEngineValve.invoke(StandardEngineValve.java:74)
	at org.apache.catalina.connector.CoyoteAdapter.service(CoyoteAdapter.java:343)
	at org.apache.coyote.http11.Http11Processor.service(Http11Processor.java:408)
	at org.apache.coyote.AbstractProcessorLight.process(AbstractProcessorLight.java:66)
	at org.apache.coyote.AbstractProtocol$ConnectionHandler.process(AbstractProtocol.java:836)
	at org.apache.tomcat.util.net.NioEndpoint$SocketProcessor.doRun(NioEndpoint.java:1747)
	at org.apache.tomcat.util.net.SocketProcessorBase.run(SocketProcessorBase.java:49)
	at java.util.concurrent.ThreadPoolExecutor.runWorker(ThreadPoolExecutor.java:1149)
	at java.util.concurrent.ThreadPoolExecutor$Worker.run(ThreadPoolExecutor.java:624)
	at org.apache.tomcat.util.threads.TaskThread$WrappingRunnable.run(TaskThread.java:61)
	at java.lang.Thread.run(Thread.java:748)
'
[2021-05-30T21:56:24.888+08:00] [INFO] [Thread-12-49] [org.springframework.scheduling.concurrent.ThreadPoolTaskExecutor] [] [] [] [ExecutorConfigurationSupport.java,208,org.springframework.scheduling.concurrent.ExecutorConfigurationSupport,shutdown] [Shutting down ExecutorService 'applicationTaskExecutor'] ## ''
